2024-12-30 20:18:24,433 INFO - Loaded executor: SequentialExecutor
2024-12-30 20:18:24,468 INFO - Starting the scheduler
2024-12-30 20:18:24,469 INFO - Processing each file at most -1 times
2024-12-30 20:18:24,478 INFO - Launched DagFileProcessorManager with pid: 288774
2024-12-30 20:18:24,480 INFO - Adopting or resetting orphaned tasks for active dag runs
2024-12-30 20:18:24,483 INFO - Configured default timezone UTC
2024-12-30 20:23:24,661 INFO - Adopting or resetting orphaned tasks for active dag runs
2024-12-30 20:28:24,824 INFO - Adopting or resetting orphaned tasks for active dag runs
2024-12-30 20:33:24,988 INFO - Adopting or resetting orphaned tasks for active dag runs
2024-12-30 20:38:25,098 INFO - Adopting or resetting orphaned tasks for active dag runs
2024-12-30 20:43:25,266 INFO - Adopting or resetting orphaned tasks for active dag runs
2024-12-30 20:48:25,441 INFO - Adopting or resetting orphaned tasks for active dag runs
2024-12-30 20:53:25,605 INFO - Adopting or resetting orphaned tasks for active dag runs
2024-12-30 20:58:25,770 INFO - Adopting or resetting orphaned tasks for active dag runs
2024-12-30 21:03:25,932 INFO - Adopting or resetting orphaned tasks for active dag runs
2024-12-30 21:08:26,094 INFO - Adopting or resetting orphaned tasks for active dag runs
2024-12-30 21:13:26,260 INFO - Adopting or resetting orphaned tasks for active dag runs
2024-12-30 21:18:26,426 INFO - Adopting or resetting orphaned tasks for active dag runs
2024-12-30 21:23:26,614 INFO - Adopting or resetting orphaned tasks for active dag runs
2024-12-30 21:28:26,757 INFO - Adopting or resetting orphaned tasks for active dag runs
2024-12-30 21:33:26,897 INFO - Adopting or resetting orphaned tasks for active dag runs
2024-12-30 21:38:27,041 INFO - Adopting or resetting orphaned tasks for active dag runs
2024-12-30 21:43:27,174 INFO - Adopting or resetting orphaned tasks for active dag runs
2024-12-30 21:48:27,336 INFO - Adopting or resetting orphaned tasks for active dag runs
2024-12-30 21:53:27,535 INFO - Adopting or resetting orphaned tasks for active dag runs
2024-12-30 21:58:27,697 INFO - Adopting or resetting orphaned tasks for active dag runs
2024-12-30 22:03:27,863 INFO - Adopting or resetting orphaned tasks for active dag runs
2024-12-30 22:08:28,130 INFO - Adopting or resetting orphaned tasks for active dag runs
2024-12-30 22:13:28,165 INFO - Adopting or resetting orphaned tasks for active dag runs
2024-12-30 22:18:28,335 INFO - Adopting or resetting orphaned tasks for active dag runs
2024-12-30 22:23:28,500 INFO - Adopting or resetting orphaned tasks for active dag runs
2024-12-30 22:28:28,665 INFO - Adopting or resetting orphaned tasks for active dag runs
2024-12-30 22:33:28,830 INFO - Adopting or resetting orphaned tasks for active dag runs
2024-12-30 22:38:28,995 INFO - Adopting or resetting orphaned tasks for active dag runs
2024-12-30 22:43:29,157 INFO - Adopting or resetting orphaned tasks for active dag runs
2024-12-30 22:48:29,321 INFO - Adopting or resetting orphaned tasks for active dag runs
2024-12-30 22:53:29,483 INFO - Adopting or resetting orphaned tasks for active dag runs
2024-12-30 22:58:29,647 INFO - Adopting or resetting orphaned tasks for active dag runs
2024-12-30 23:03:29,811 INFO - Adopting or resetting orphaned tasks for active dag runs
2024-12-30 23:08:29,975 INFO - Adopting or resetting orphaned tasks for active dag runs
2024-12-30 23:13:30,139 INFO - Adopting or resetting orphaned tasks for active dag runs
2024-12-30 23:18:30,296 INFO - Adopting or resetting orphaned tasks for active dag runs
2024-12-30 23:23:30,463 INFO - Adopting or resetting orphaned tasks for active dag runs
2024-12-30 23:28:30,514 INFO - Adopting or resetting orphaned tasks for active dag runs
2024-12-30 23:33:30,675 INFO - Adopting or resetting orphaned tasks for active dag runs
2024-12-30 23:38:30,717 INFO - Adopting or resetting orphaned tasks for active dag runs
2024-12-30 23:43:30,814 INFO - Adopting or resetting orphaned tasks for active dag runs
2024-12-30 23:48:30,943 INFO - Adopting or resetting orphaned tasks for active dag runs
2024-12-30 23:53:31,084 INFO - Adopting or resetting orphaned tasks for active dag runs
2024-12-30 23:58:31,223 INFO - Adopting or resetting orphaned tasks for active dag runs
2024-12-31 00:03:31,367 INFO - Adopting or resetting orphaned tasks for active dag runs
2024-12-31 00:08:31,516 INFO - Adopting or resetting orphaned tasks for active dag runs
2024-12-31 00:13:31,661 INFO - Adopting or resetting orphaned tasks for active dag runs
2024-12-31 00:18:31,729 INFO - Adopting or resetting orphaned tasks for active dag runs
2024-12-31 00:23:31,868 INFO - Adopting or resetting orphaned tasks for active dag runs
2024-12-31 00:28:32,012 INFO - Adopting or resetting orphaned tasks for active dag runs
2024-12-31 00:33:32,027 INFO - Adopting or resetting orphaned tasks for active dag runs
2024-12-31 00:38:32,168 INFO - Adopting or resetting orphaned tasks for active dag runs
2024-12-31 00:43:32,229 INFO - Adopting or resetting orphaned tasks for active dag runs
2024-12-31 00:48:32,371 INFO - Adopting or resetting orphaned tasks for active dag runs
2024-12-31 00:53:32,475 INFO - Adopting or resetting orphaned tasks for active dag runs
2024-12-31 00:58:32,615 INFO - Adopting or resetting orphaned tasks for active dag runs
2024-12-31 01:03:32,649 INFO - Adopting or resetting orphaned tasks for active dag runs
2024-12-31 01:08:32,791 INFO - Adopting or resetting orphaned tasks for active dag runs
2024-12-31 01:13:32,861 INFO - Adopting or resetting orphaned tasks for active dag runs
2024-12-31 01:18:33,001 INFO - Adopting or resetting orphaned tasks for active dag runs
2024-12-31 01:23:33,141 INFO - Adopting or resetting orphaned tasks for active dag runs
2024-12-31 01:28:33,284 INFO - Adopting or resetting orphaned tasks for active dag runs
2024-12-31 01:33:33,439 INFO - Adopting or resetting orphaned tasks for active dag runs
2024-12-31 01:38:33,582 INFO - Adopting or resetting orphaned tasks for active dag runs
2024-12-31 01:43:33,721 INFO - Adopting or resetting orphaned tasks for active dag runs
2024-12-31 01:48:33,953 INFO - Adopting or resetting orphaned tasks for active dag runs
2024-12-31 01:53:34,094 INFO - Adopting or resetting orphaned tasks for active dag runs
2024-12-31 01:58:34,233 INFO - Adopting or resetting orphaned tasks for active dag runs
2024-12-31 02:03:34,378 INFO - Adopting or resetting orphaned tasks for active dag runs
2024-12-31 02:08:34,520 INFO - Adopting or resetting orphaned tasks for active dag runs
