[2024-12-30T20:18:24.433+0300] {executor_loader.py:254} INFO - Loaded executor: SequentialExecutor
[2024-12-30T20:18:24.468+0300] {scheduler_job_runner.py:950} INFO - Starting the scheduler
[2024-12-30T20:18:24.469+0300] {scheduler_job_runner.py:957} INFO - Processing each file at most -1 times
[2024-12-30T20:18:24.478+0300] {manager.py:174} INFO - Launched DagFileProcessorManager with pid: 288774
[2024-12-30T20:18:24.480+0300] {scheduler_job_runner.py:1949} INFO - Adopting or resetting orphaned tasks for active dag runs
[2024-12-30T20:18:24.483+0300] {settings.py:63} INFO - Configured default timezone UTC
[2024-12-30T20:18:24.502+0300] {manager.py:406} WARNING - Because we cannot use more than 1 thread (parsing_processes = 2) when using sqlite. So we set parallelism to 1.
[2024-12-30T20:23:24.661+0300] {scheduler_job_runner.py:1949} INFO - Adopting or resetting orphaned tasks for active dag runs
[2024-12-30T20:28:24.824+0300] {scheduler_job_runner.py:1949} INFO - Adopting or resetting orphaned tasks for active dag runs
[2024-12-30T20:33:24.988+0300] {scheduler_job_runner.py:1949} INFO - Adopting or resetting orphaned tasks for active dag runs
[2024-12-30T20:38:25.098+0300] {scheduler_job_runner.py:1949} INFO - Adopting or resetting orphaned tasks for active dag runs
[2024-12-30T20:43:25.266+0300] {scheduler_job_runner.py:1949} INFO - Adopting or resetting orphaned tasks for active dag runs
[2024-12-30T20:48:25.441+0300] {scheduler_job_runner.py:1949} INFO - Adopting or resetting orphaned tasks for active dag runs
[2024-12-30T20:53:25.605+0300] {scheduler_job_runner.py:1949} INFO - Adopting or resetting orphaned tasks for active dag runs
[2024-12-30T20:58:25.770+0300] {scheduler_job_runner.py:1949} INFO - Adopting or resetting orphaned tasks for active dag runs
[2024-12-30T21:03:25.932+0300] {scheduler_job_runner.py:1949} INFO - Adopting or resetting orphaned tasks for active dag runs
[2024-12-30T21:08:26.094+0300] {scheduler_job_runner.py:1949} INFO - Adopting or resetting orphaned tasks for active dag runs
[2024-12-30T21:13:26.260+0300] {scheduler_job_runner.py:1949} INFO - Adopting or resetting orphaned tasks for active dag runs
[2024-12-30T21:18:26.426+0300] {scheduler_job_runner.py:1949} INFO - Adopting or resetting orphaned tasks for active dag runs
[2024-12-30T21:23:26.614+0300] {scheduler_job_runner.py:1949} INFO - Adopting or resetting orphaned tasks for active dag runs
[2024-12-30T21:28:26.757+0300] {scheduler_job_runner.py:1949} INFO - Adopting or resetting orphaned tasks for active dag runs
[2024-12-30T21:33:26.897+0300] {scheduler_job_runner.py:1949} INFO - Adopting or resetting orphaned tasks for active dag runs
[2024-12-30T21:38:27.041+0300] {scheduler_job_runner.py:1949} INFO - Adopting or resetting orphaned tasks for active dag runs
[2024-12-30T21:43:27.174+0300] {scheduler_job_runner.py:1949} INFO - Adopting or resetting orphaned tasks for active dag runs
[2024-12-30T21:48:27.336+0300] {scheduler_job_runner.py:1949} INFO - Adopting or resetting orphaned tasks for active dag runs
[2024-12-30T21:53:27.535+0300] {scheduler_job_runner.py:1949} INFO - Adopting or resetting orphaned tasks for active dag runs
[2024-12-30T21:58:27.697+0300] {scheduler_job_runner.py:1949} INFO - Adopting or resetting orphaned tasks for active dag runs
[2024-12-30T22:03:27.863+0300] {scheduler_job_runner.py:1949} INFO - Adopting or resetting orphaned tasks for active dag runs
[2024-12-30T22:08:28.130+0300] {scheduler_job_runner.py:1949} INFO - Adopting or resetting orphaned tasks for active dag runs
[2024-12-30T22:13:28.165+0300] {scheduler_job_runner.py:1949} INFO - Adopting or resetting orphaned tasks for active dag runs
[2024-12-30T22:18:28.335+0300] {scheduler_job_runner.py:1949} INFO - Adopting or resetting orphaned tasks for active dag runs
[2024-12-30T22:23:28.500+0300] {scheduler_job_runner.py:1949} INFO - Adopting or resetting orphaned tasks for active dag runs
[2024-12-30T22:28:28.665+0300] {scheduler_job_runner.py:1949} INFO - Adopting or resetting orphaned tasks for active dag runs
[2024-12-30T22:33:28.830+0300] {scheduler_job_runner.py:1949} INFO - Adopting or resetting orphaned tasks for active dag runs
[2024-12-30T22:38:28.995+0300] {scheduler_job_runner.py:1949} INFO - Adopting or resetting orphaned tasks for active dag runs
[2024-12-30T22:43:29.157+0300] {scheduler_job_runner.py:1949} INFO - Adopting or resetting orphaned tasks for active dag runs
[2024-12-30T22:48:29.321+0300] {scheduler_job_runner.py:1949} INFO - Adopting or resetting orphaned tasks for active dag runs
[2024-12-30T22:53:29.483+0300] {scheduler_job_runner.py:1949} INFO - Adopting or resetting orphaned tasks for active dag runs
[2024-12-30T22:58:29.647+0300] {scheduler_job_runner.py:1949} INFO - Adopting or resetting orphaned tasks for active dag runs
[2024-12-30T23:03:29.811+0300] {scheduler_job_runner.py:1949} INFO - Adopting or resetting orphaned tasks for active dag runs
[2024-12-30T23:08:29.975+0300] {scheduler_job_runner.py:1949} INFO - Adopting or resetting orphaned tasks for active dag runs
[2024-12-30T23:13:30.139+0300] {scheduler_job_runner.py:1949} INFO - Adopting or resetting orphaned tasks for active dag runs
[2024-12-30T23:18:30.296+0300] {scheduler_job_runner.py:1949} INFO - Adopting or resetting orphaned tasks for active dag runs
[2024-12-30T23:23:30.463+0300] {scheduler_job_runner.py:1949} INFO - Adopting or resetting orphaned tasks for active dag runs
[2024-12-30T23:28:30.514+0300] {scheduler_job_runner.py:1949} INFO - Adopting or resetting orphaned tasks for active dag runs
[2024-12-30T23:33:30.675+0300] {scheduler_job_runner.py:1949} INFO - Adopting or resetting orphaned tasks for active dag runs
[2024-12-30T23:38:30.717+0300] {scheduler_job_runner.py:1949} INFO - Adopting or resetting orphaned tasks for active dag runs
[2024-12-30T23:43:30.814+0300] {scheduler_job_runner.py:1949} INFO - Adopting or resetting orphaned tasks for active dag runs
[2024-12-30T23:48:30.943+0300] {scheduler_job_runner.py:1949} INFO - Adopting or resetting orphaned tasks for active dag runs
[2024-12-30T23:53:31.084+0300] {scheduler_job_runner.py:1949} INFO - Adopting or resetting orphaned tasks for active dag runs
[2024-12-30T23:55:54.283+0300] {manager.py:537} INFO - DAG insert_data is missing and will be deactivated.
[2024-12-30T23:55:54.286+0300] {manager.py:549} INFO - Deactivated 1 DAGs which are no longer present in file.
[2024-12-30T23:55:54.290+0300] {manager.py:553} INFO - Deleted DAG insert_data in serialized_dag table
[2024-12-30T23:58:31.223+0300] {scheduler_job_runner.py:1949} INFO - Adopting or resetting orphaned tasks for active dag runs
[2024-12-31T00:03:31.367+0300] {scheduler_job_runner.py:1949} INFO - Adopting or resetting orphaned tasks for active dag runs
[2024-12-31T00:08:31.516+0300] {scheduler_job_runner.py:1949} INFO - Adopting or resetting orphaned tasks for active dag runs
[2024-12-31T00:13:31.661+0300] {scheduler_job_runner.py:1949} INFO - Adopting or resetting orphaned tasks for active dag runs
[2024-12-31T00:18:31.729+0300] {scheduler_job_runner.py:1949} INFO - Adopting or resetting orphaned tasks for active dag runs
[2024-12-31T00:23:31.868+0300] {scheduler_job_runner.py:1949} INFO - Adopting or resetting orphaned tasks for active dag runs
[2024-12-31T00:28:32.012+0300] {scheduler_job_runner.py:1949} INFO - Adopting or resetting orphaned tasks for active dag runs
[2024-12-31T00:33:32.027+0300] {scheduler_job_runner.py:1949} INFO - Adopting or resetting orphaned tasks for active dag runs
[2024-12-31T00:38:32.168+0300] {scheduler_job_runner.py:1949} INFO - Adopting or resetting orphaned tasks for active dag runs
[2024-12-31T00:43:32.229+0300] {scheduler_job_runner.py:1949} INFO - Adopting or resetting orphaned tasks for active dag runs
[2024-12-31T00:48:32.371+0300] {scheduler_job_runner.py:1949} INFO - Adopting or resetting orphaned tasks for active dag runs
[2024-12-31T00:53:32.475+0300] {scheduler_job_runner.py:1949} INFO - Adopting or resetting orphaned tasks for active dag runs
[2024-12-31T00:58:32.615+0300] {scheduler_job_runner.py:1949} INFO - Adopting or resetting orphaned tasks for active dag runs
[2024-12-31T01:03:32.649+0300] {scheduler_job_runner.py:1949} INFO - Adopting or resetting orphaned tasks for active dag runs
[2024-12-31T01:08:32.791+0300] {scheduler_job_runner.py:1949} INFO - Adopting or resetting orphaned tasks for active dag runs
[2024-12-31T01:13:32.861+0300] {scheduler_job_runner.py:1949} INFO - Adopting or resetting orphaned tasks for active dag runs
[2024-12-31T01:18:33.001+0300] {scheduler_job_runner.py:1949} INFO - Adopting or resetting orphaned tasks for active dag runs
[2024-12-31T01:23:33.141+0300] {scheduler_job_runner.py:1949} INFO - Adopting or resetting orphaned tasks for active dag runs
[2024-12-31T01:28:33.284+0300] {scheduler_job_runner.py:1949} INFO - Adopting or resetting orphaned tasks for active dag runs
[2024-12-31T01:33:33.439+0300] {scheduler_job_runner.py:1949} INFO - Adopting or resetting orphaned tasks for active dag runs
[2024-12-31T01:38:33.582+0300] {scheduler_job_runner.py:1949} INFO - Adopting or resetting orphaned tasks for active dag runs
[2024-12-31T01:43:33.721+0300] {scheduler_job_runner.py:1949} INFO - Adopting or resetting orphaned tasks for active dag runs
[2024-12-31T01:48:33.953+0300] {scheduler_job_runner.py:1949} INFO - Adopting or resetting orphaned tasks for active dag runs
[2024-12-31T01:53:34.094+0300] {scheduler_job_runner.py:1949} INFO - Adopting or resetting orphaned tasks for active dag runs
[2024-12-31T01:58:34.233+0300] {scheduler_job_runner.py:1949} INFO - Adopting or resetting orphaned tasks for active dag runs
[2024-12-31T02:03:34.378+0300] {scheduler_job_runner.py:1949} INFO - Adopting or resetting orphaned tasks for active dag runs
[2024-12-31T02:08:34.520+0300] {scheduler_job_runner.py:1949} INFO - Adopting or resetting orphaned tasks for active dag runs
