[2025-01-14T09:58:38.493+0000] {processor.py:161} INFO - Started process (PID=4594) to work on /opt/airflow/dags/load_and_merge_data_2.py
[2025-01-14T09:58:38.494+0000] {processor.py:830} INFO - Processing file /opt/airflow/dags/load_and_merge_data_2.py for tasks to queue
[2025-01-14T09:58:38.498+0000] {logging_mixin.py:188} INFO - [2025-01-14T09:58:38.497+0000] {dagbag.py:538} INFO - Filling up the DagBag from /opt/airflow/dags/load_and_merge_data_2.py
[2025-01-14T09:58:38.818+0000] {processor.py:840} INFO - DAG(s) 'load_and_merge_data_2' retrieved from /opt/airflow/dags/load_and_merge_data_2.py
[2025-01-14T09:58:38.927+0000] {logging_mixin.py:188} INFO - [2025-01-14T09:58:38.927+0000] {dag.py:3036} INFO - Sync 1 DAGs
[2025-01-14T09:58:38.957+0000] {logging_mixin.py:188} INFO - [2025-01-14T09:58:38.957+0000] {dag.py:3823} INFO - Setting next_dagrun for load_and_merge_data_2 to 2025-02-01 00:00:00+00:00, run_after=2025-03-01 00:00:00+00:00
[2025-01-14T09:58:38.984+0000] {processor.py:183} INFO - Processing /opt/airflow/dags/load_and_merge_data_2.py took 0.496 seconds
[2025-01-14T09:59:09.170+0000] {processor.py:161} INFO - Started process (PID=4604) to work on /opt/airflow/dags/load_and_merge_data_2.py
[2025-01-14T09:59:09.171+0000] {processor.py:830} INFO - Processing file /opt/airflow/dags/load_and_merge_data_2.py for tasks to queue
[2025-01-14T09:59:09.174+0000] {logging_mixin.py:188} INFO - [2025-01-14T09:59:09.174+0000] {dagbag.py:538} INFO - Filling up the DagBag from /opt/airflow/dags/load_and_merge_data_2.py
[2025-01-14T09:59:09.445+0000] {processor.py:840} INFO - DAG(s) 'load_and_merge_data_2' retrieved from /opt/airflow/dags/load_and_merge_data_2.py
[2025-01-14T09:59:09.559+0000] {logging_mixin.py:188} INFO - [2025-01-14T09:59:09.558+0000] {dag.py:3036} INFO - Sync 1 DAGs
[2025-01-14T09:59:09.583+0000] {logging_mixin.py:188} INFO - [2025-01-14T09:59:09.582+0000] {dag.py:3823} INFO - Setting next_dagrun for load_and_merge_data_2 to 2025-02-01 00:00:00+00:00, run_after=2025-03-01 00:00:00+00:00
[2025-01-14T09:59:09.610+0000] {processor.py:183} INFO - Processing /opt/airflow/dags/load_and_merge_data_2.py took 0.443 seconds
[2025-01-14T09:59:39.799+0000] {processor.py:161} INFO - Started process (PID=4614) to work on /opt/airflow/dags/load_and_merge_data_2.py
[2025-01-14T09:59:39.800+0000] {processor.py:830} INFO - Processing file /opt/airflow/dags/load_and_merge_data_2.py for tasks to queue
[2025-01-14T09:59:39.803+0000] {logging_mixin.py:188} INFO - [2025-01-14T09:59:39.803+0000] {dagbag.py:538} INFO - Filling up the DagBag from /opt/airflow/dags/load_and_merge_data_2.py
[2025-01-14T09:59:40.092+0000] {processor.py:840} INFO - DAG(s) 'load_and_merge_data_2' retrieved from /opt/airflow/dags/load_and_merge_data_2.py
[2025-01-14T09:59:40.197+0000] {logging_mixin.py:188} INFO - [2025-01-14T09:59:40.196+0000] {dag.py:3036} INFO - Sync 1 DAGs
[2025-01-14T09:59:40.222+0000] {logging_mixin.py:188} INFO - [2025-01-14T09:59:40.222+0000] {dag.py:3823} INFO - Setting next_dagrun for load_and_merge_data_2 to 2025-02-01 00:00:00+00:00, run_after=2025-03-01 00:00:00+00:00
[2025-01-14T09:59:40.251+0000] {processor.py:183} INFO - Processing /opt/airflow/dags/load_and_merge_data_2.py took 0.456 seconds
[2025-01-14T10:00:10.449+0000] {processor.py:161} INFO - Started process (PID=4624) to work on /opt/airflow/dags/load_and_merge_data_2.py
[2025-01-14T10:00:10.451+0000] {processor.py:830} INFO - Processing file /opt/airflow/dags/load_and_merge_data_2.py for tasks to queue
[2025-01-14T10:00:10.453+0000] {logging_mixin.py:188} INFO - [2025-01-14T10:00:10.453+0000] {dagbag.py:538} INFO - Filling up the DagBag from /opt/airflow/dags/load_and_merge_data_2.py
[2025-01-14T10:00:10.745+0000] {processor.py:840} INFO - DAG(s) 'load_and_merge_data_2' retrieved from /opt/airflow/dags/load_and_merge_data_2.py
[2025-01-14T10:00:10.851+0000] {logging_mixin.py:188} INFO - [2025-01-14T10:00:10.851+0000] {dag.py:3036} INFO - Sync 1 DAGs
[2025-01-14T10:00:10.880+0000] {logging_mixin.py:188} INFO - [2025-01-14T10:00:10.879+0000] {dag.py:3823} INFO - Setting next_dagrun for load_and_merge_data_2 to 2025-02-01 00:00:00+00:00, run_after=2025-03-01 00:00:00+00:00
[2025-01-14T10:00:10.907+0000] {processor.py:183} INFO - Processing /opt/airflow/dags/load_and_merge_data_2.py took 0.462 seconds
[2025-01-14T10:00:41.096+0000] {processor.py:161} INFO - Started process (PID=4634) to work on /opt/airflow/dags/load_and_merge_data_2.py
[2025-01-14T10:00:41.100+0000] {processor.py:830} INFO - Processing file /opt/airflow/dags/load_and_merge_data_2.py for tasks to queue
[2025-01-14T10:00:41.104+0000] {logging_mixin.py:188} INFO - [2025-01-14T10:00:41.103+0000] {dagbag.py:538} INFO - Filling up the DagBag from /opt/airflow/dags/load_and_merge_data_2.py
[2025-01-14T10:00:41.402+0000] {processor.py:840} INFO - DAG(s) 'load_and_merge_data_2' retrieved from /opt/airflow/dags/load_and_merge_data_2.py
[2025-01-14T10:00:41.511+0000] {logging_mixin.py:188} INFO - [2025-01-14T10:00:41.510+0000] {dag.py:3036} INFO - Sync 1 DAGs
[2025-01-14T10:00:41.538+0000] {logging_mixin.py:188} INFO - [2025-01-14T10:00:41.538+0000] {dag.py:3823} INFO - Setting next_dagrun for load_and_merge_data_2 to 2025-02-01 00:00:00+00:00, run_after=2025-03-01 00:00:00+00:00
[2025-01-14T10:00:41.569+0000] {processor.py:183} INFO - Processing /opt/airflow/dags/load_and_merge_data_2.py took 0.477 seconds
[2025-01-14T10:01:11.775+0000] {processor.py:161} INFO - Started process (PID=4644) to work on /opt/airflow/dags/load_and_merge_data_2.py
[2025-01-14T10:01:11.777+0000] {processor.py:830} INFO - Processing file /opt/airflow/dags/load_and_merge_data_2.py for tasks to queue
[2025-01-14T10:01:11.781+0000] {logging_mixin.py:188} INFO - [2025-01-14T10:01:11.780+0000] {dagbag.py:538} INFO - Filling up the DagBag from /opt/airflow/dags/load_and_merge_data_2.py
[2025-01-14T10:01:12.070+0000] {processor.py:840} INFO - DAG(s) 'load_and_merge_data_2' retrieved from /opt/airflow/dags/load_and_merge_data_2.py
[2025-01-14T10:01:12.176+0000] {logging_mixin.py:188} INFO - [2025-01-14T10:01:12.176+0000] {dag.py:3036} INFO - Sync 1 DAGs
[2025-01-14T10:01:12.204+0000] {logging_mixin.py:188} INFO - [2025-01-14T10:01:12.204+0000] {dag.py:3823} INFO - Setting next_dagrun for load_and_merge_data_2 to 2025-02-01 00:00:00+00:00, run_after=2025-03-01 00:00:00+00:00
[2025-01-14T10:01:12.235+0000] {processor.py:183} INFO - Processing /opt/airflow/dags/load_and_merge_data_2.py took 0.463 seconds
[2025-01-14T10:01:42.407+0000] {processor.py:161} INFO - Started process (PID=4654) to work on /opt/airflow/dags/load_and_merge_data_2.py
[2025-01-14T10:01:42.408+0000] {processor.py:830} INFO - Processing file /opt/airflow/dags/load_and_merge_data_2.py for tasks to queue
[2025-01-14T10:01:42.411+0000] {logging_mixin.py:188} INFO - [2025-01-14T10:01:42.411+0000] {dagbag.py:538} INFO - Filling up the DagBag from /opt/airflow/dags/load_and_merge_data_2.py
[2025-01-14T10:01:42.701+0000] {processor.py:840} INFO - DAG(s) 'load_and_merge_data_2' retrieved from /opt/airflow/dags/load_and_merge_data_2.py
[2025-01-14T10:01:42.805+0000] {logging_mixin.py:188} INFO - [2025-01-14T10:01:42.804+0000] {dag.py:3036} INFO - Sync 1 DAGs
[2025-01-14T10:01:42.827+0000] {logging_mixin.py:188} INFO - [2025-01-14T10:01:42.827+0000] {dag.py:3823} INFO - Setting next_dagrun for load_and_merge_data_2 to 2025-02-01 00:00:00+00:00, run_after=2025-03-01 00:00:00+00:00
[2025-01-14T10:01:42.854+0000] {processor.py:183} INFO - Processing /opt/airflow/dags/load_and_merge_data_2.py took 0.451 seconds
[2025-01-14T10:02:13.032+0000] {processor.py:161} INFO - Started process (PID=4664) to work on /opt/airflow/dags/load_and_merge_data_2.py
[2025-01-14T10:02:13.034+0000] {processor.py:830} INFO - Processing file /opt/airflow/dags/load_and_merge_data_2.py for tasks to queue
[2025-01-14T10:02:13.038+0000] {logging_mixin.py:188} INFO - [2025-01-14T10:02:13.037+0000] {dagbag.py:538} INFO - Filling up the DagBag from /opt/airflow/dags/load_and_merge_data_2.py
[2025-01-14T10:02:13.345+0000] {processor.py:840} INFO - DAG(s) 'load_and_merge_data_2' retrieved from /opt/airflow/dags/load_and_merge_data_2.py
[2025-01-14T10:02:13.449+0000] {logging_mixin.py:188} INFO - [2025-01-14T10:02:13.449+0000] {dag.py:3036} INFO - Sync 1 DAGs
[2025-01-14T10:02:13.476+0000] {logging_mixin.py:188} INFO - [2025-01-14T10:02:13.476+0000] {dag.py:3823} INFO - Setting next_dagrun for load_and_merge_data_2 to 2025-02-01 00:00:00+00:00, run_after=2025-03-01 00:00:00+00:00
[2025-01-14T10:02:13.500+0000] {processor.py:183} INFO - Processing /opt/airflow/dags/load_and_merge_data_2.py took 0.470 seconds
[2025-01-14T10:02:43.685+0000] {processor.py:161} INFO - Started process (PID=4674) to work on /opt/airflow/dags/load_and_merge_data_2.py
[2025-01-14T10:02:43.687+0000] {processor.py:830} INFO - Processing file /opt/airflow/dags/load_and_merge_data_2.py for tasks to queue
[2025-01-14T10:02:43.690+0000] {logging_mixin.py:188} INFO - [2025-01-14T10:02:43.690+0000] {dagbag.py:538} INFO - Filling up the DagBag from /opt/airflow/dags/load_and_merge_data_2.py
[2025-01-14T10:02:44.008+0000] {processor.py:840} INFO - DAG(s) 'load_and_merge_data_2' retrieved from /opt/airflow/dags/load_and_merge_data_2.py
[2025-01-14T10:02:44.118+0000] {logging_mixin.py:188} INFO - [2025-01-14T10:02:44.117+0000] {dag.py:3036} INFO - Sync 1 DAGs
[2025-01-14T10:02:44.143+0000] {logging_mixin.py:188} INFO - [2025-01-14T10:02:44.143+0000] {dag.py:3823} INFO - Setting next_dagrun for load_and_merge_data_2 to 2025-02-01 00:00:00+00:00, run_after=2025-03-01 00:00:00+00:00
[2025-01-14T10:02:44.164+0000] {processor.py:183} INFO - Processing /opt/airflow/dags/load_and_merge_data_2.py took 0.484 seconds
[2025-01-14T10:03:14.316+0000] {processor.py:161} INFO - Started process (PID=4684) to work on /opt/airflow/dags/load_and_merge_data_2.py
[2025-01-14T10:03:14.318+0000] {processor.py:830} INFO - Processing file /opt/airflow/dags/load_and_merge_data_2.py for tasks to queue
[2025-01-14T10:03:14.321+0000] {logging_mixin.py:188} INFO - [2025-01-14T10:03:14.320+0000] {dagbag.py:538} INFO - Filling up the DagBag from /opt/airflow/dags/load_and_merge_data_2.py
[2025-01-14T10:03:14.637+0000] {processor.py:840} INFO - DAG(s) 'load_and_merge_data_2' retrieved from /opt/airflow/dags/load_and_merge_data_2.py
[2025-01-14T10:03:14.733+0000] {logging_mixin.py:188} INFO - [2025-01-14T10:03:14.733+0000] {dag.py:3036} INFO - Sync 1 DAGs
[2025-01-14T10:03:14.759+0000] {logging_mixin.py:188} INFO - [2025-01-14T10:03:14.759+0000] {dag.py:3823} INFO - Setting next_dagrun for load_and_merge_data_2 to 2025-02-01 00:00:00+00:00, run_after=2025-03-01 00:00:00+00:00
[2025-01-14T10:03:14.787+0000] {processor.py:183} INFO - Processing /opt/airflow/dags/load_and_merge_data_2.py took 0.474 seconds
[2025-01-14T10:03:44.990+0000] {processor.py:161} INFO - Started process (PID=4694) to work on /opt/airflow/dags/load_and_merge_data_2.py
[2025-01-14T10:03:44.992+0000] {processor.py:830} INFO - Processing file /opt/airflow/dags/load_and_merge_data_2.py for tasks to queue
[2025-01-14T10:03:44.995+0000] {logging_mixin.py:188} INFO - [2025-01-14T10:03:44.995+0000] {dagbag.py:538} INFO - Filling up the DagBag from /opt/airflow/dags/load_and_merge_data_2.py
[2025-01-14T10:03:45.290+0000] {processor.py:840} INFO - DAG(s) 'load_and_merge_data_2' retrieved from /opt/airflow/dags/load_and_merge_data_2.py
[2025-01-14T10:03:45.403+0000] {logging_mixin.py:188} INFO - [2025-01-14T10:03:45.403+0000] {dag.py:3036} INFO - Sync 1 DAGs
[2025-01-14T10:03:45.427+0000] {logging_mixin.py:188} INFO - [2025-01-14T10:03:45.426+0000] {dag.py:3823} INFO - Setting next_dagrun for load_and_merge_data_2 to 2025-02-01 00:00:00+00:00, run_after=2025-03-01 00:00:00+00:00
[2025-01-14T10:03:45.453+0000] {processor.py:183} INFO - Processing /opt/airflow/dags/load_and_merge_data_2.py took 0.469 seconds
[2025-01-14T10:04:15.636+0000] {processor.py:161} INFO - Started process (PID=4704) to work on /opt/airflow/dags/load_and_merge_data_2.py
[2025-01-14T10:04:15.638+0000] {processor.py:830} INFO - Processing file /opt/airflow/dags/load_and_merge_data_2.py for tasks to queue
[2025-01-14T10:04:15.644+0000] {logging_mixin.py:188} INFO - [2025-01-14T10:04:15.644+0000] {dagbag.py:538} INFO - Filling up the DagBag from /opt/airflow/dags/load_and_merge_data_2.py
[2025-01-14T10:04:15.961+0000] {processor.py:840} INFO - DAG(s) 'load_and_merge_data_2' retrieved from /opt/airflow/dags/load_and_merge_data_2.py
[2025-01-14T10:04:16.072+0000] {logging_mixin.py:188} INFO - [2025-01-14T10:04:16.071+0000] {dag.py:3036} INFO - Sync 1 DAGs
[2025-01-14T10:04:16.098+0000] {logging_mixin.py:188} INFO - [2025-01-14T10:04:16.098+0000] {dag.py:3823} INFO - Setting next_dagrun for load_and_merge_data_2 to 2025-02-01 00:00:00+00:00, run_after=2025-03-01 00:00:00+00:00
[2025-01-14T10:04:16.126+0000] {processor.py:183} INFO - Processing /opt/airflow/dags/load_and_merge_data_2.py took 0.494 seconds
[2025-01-14T10:04:46.317+0000] {processor.py:161} INFO - Started process (PID=4714) to work on /opt/airflow/dags/load_and_merge_data_2.py
[2025-01-14T10:04:46.319+0000] {processor.py:830} INFO - Processing file /opt/airflow/dags/load_and_merge_data_2.py for tasks to queue
[2025-01-14T10:04:46.322+0000] {logging_mixin.py:188} INFO - [2025-01-14T10:04:46.321+0000] {dagbag.py:538} INFO - Filling up the DagBag from /opt/airflow/dags/load_and_merge_data_2.py
[2025-01-14T10:04:46.623+0000] {processor.py:840} INFO - DAG(s) 'load_and_merge_data_2' retrieved from /opt/airflow/dags/load_and_merge_data_2.py
[2025-01-14T10:04:46.730+0000] {logging_mixin.py:188} INFO - [2025-01-14T10:04:46.729+0000] {dag.py:3036} INFO - Sync 1 DAGs
[2025-01-14T10:04:46.754+0000] {logging_mixin.py:188} INFO - [2025-01-14T10:04:46.753+0000] {dag.py:3823} INFO - Setting next_dagrun for load_and_merge_data_2 to 2025-02-01 00:00:00+00:00, run_after=2025-03-01 00:00:00+00:00
[2025-01-14T10:04:46.786+0000] {processor.py:183} INFO - Processing /opt/airflow/dags/load_and_merge_data_2.py took 0.473 seconds
[2025-01-14T10:05:16.975+0000] {processor.py:161} INFO - Started process (PID=4724) to work on /opt/airflow/dags/load_and_merge_data_2.py
[2025-01-14T10:05:16.976+0000] {processor.py:830} INFO - Processing file /opt/airflow/dags/load_and_merge_data_2.py for tasks to queue
[2025-01-14T10:05:16.981+0000] {logging_mixin.py:188} INFO - [2025-01-14T10:05:16.979+0000] {dagbag.py:538} INFO - Filling up the DagBag from /opt/airflow/dags/load_and_merge_data_2.py
[2025-01-14T10:05:17.284+0000] {processor.py:840} INFO - DAG(s) 'load_and_merge_data_2' retrieved from /opt/airflow/dags/load_and_merge_data_2.py
[2025-01-14T10:05:17.405+0000] {logging_mixin.py:188} INFO - [2025-01-14T10:05:17.404+0000] {dag.py:3036} INFO - Sync 1 DAGs
[2025-01-14T10:05:17.429+0000] {logging_mixin.py:188} INFO - [2025-01-14T10:05:17.428+0000] {dag.py:3823} INFO - Setting next_dagrun for load_and_merge_data_2 to 2025-02-01 00:00:00+00:00, run_after=2025-03-01 00:00:00+00:00
[2025-01-14T10:05:17.458+0000] {processor.py:183} INFO - Processing /opt/airflow/dags/load_and_merge_data_2.py took 0.487 seconds
[2025-01-14T10:05:47.668+0000] {processor.py:161} INFO - Started process (PID=4734) to work on /opt/airflow/dags/load_and_merge_data_2.py
[2025-01-14T10:05:47.670+0000] {processor.py:830} INFO - Processing file /opt/airflow/dags/load_and_merge_data_2.py for tasks to queue
[2025-01-14T10:05:47.673+0000] {logging_mixin.py:188} INFO - [2025-01-14T10:05:47.672+0000] {dagbag.py:538} INFO - Filling up the DagBag from /opt/airflow/dags/load_and_merge_data_2.py
[2025-01-14T10:05:47.969+0000] {processor.py:840} INFO - DAG(s) 'load_and_merge_data_2' retrieved from /opt/airflow/dags/load_and_merge_data_2.py
[2025-01-14T10:05:48.068+0000] {logging_mixin.py:188} INFO - [2025-01-14T10:05:48.068+0000] {dag.py:3036} INFO - Sync 1 DAGs
[2025-01-14T10:05:48.093+0000] {logging_mixin.py:188} INFO - [2025-01-14T10:05:48.092+0000] {dag.py:3823} INFO - Setting next_dagrun for load_and_merge_data_2 to 2025-02-01 00:00:00+00:00, run_after=2025-03-01 00:00:00+00:00
[2025-01-14T10:05:48.120+0000] {processor.py:183} INFO - Processing /opt/airflow/dags/load_and_merge_data_2.py took 0.456 seconds
[2025-01-14T10:06:18.317+0000] {processor.py:161} INFO - Started process (PID=4744) to work on /opt/airflow/dags/load_and_merge_data_2.py
[2025-01-14T10:06:18.319+0000] {processor.py:830} INFO - Processing file /opt/airflow/dags/load_and_merge_data_2.py for tasks to queue
[2025-01-14T10:06:18.322+0000] {logging_mixin.py:188} INFO - [2025-01-14T10:06:18.321+0000] {dagbag.py:538} INFO - Filling up the DagBag from /opt/airflow/dags/load_and_merge_data_2.py
[2025-01-14T10:06:18.631+0000] {processor.py:840} INFO - DAG(s) 'load_and_merge_data_2' retrieved from /opt/airflow/dags/load_and_merge_data_2.py
[2025-01-14T10:06:18.748+0000] {logging_mixin.py:188} INFO - [2025-01-14T10:06:18.748+0000] {dag.py:3036} INFO - Sync 1 DAGs
[2025-01-14T10:06:18.776+0000] {logging_mixin.py:188} INFO - [2025-01-14T10:06:18.776+0000] {dag.py:3823} INFO - Setting next_dagrun for load_and_merge_data_2 to 2025-02-01 00:00:00+00:00, run_after=2025-03-01 00:00:00+00:00
[2025-01-14T10:06:18.808+0000] {processor.py:183} INFO - Processing /opt/airflow/dags/load_and_merge_data_2.py took 0.497 seconds
[2025-01-14T10:06:48.999+0000] {processor.py:161} INFO - Started process (PID=4754) to work on /opt/airflow/dags/load_and_merge_data_2.py
[2025-01-14T10:06:49.001+0000] {processor.py:830} INFO - Processing file /opt/airflow/dags/load_and_merge_data_2.py for tasks to queue
[2025-01-14T10:06:49.004+0000] {logging_mixin.py:188} INFO - [2025-01-14T10:06:49.003+0000] {dagbag.py:538} INFO - Filling up the DagBag from /opt/airflow/dags/load_and_merge_data_2.py
[2025-01-14T10:06:49.307+0000] {processor.py:840} INFO - DAG(s) 'load_and_merge_data_2' retrieved from /opt/airflow/dags/load_and_merge_data_2.py
[2025-01-14T10:06:49.405+0000] {logging_mixin.py:188} INFO - [2025-01-14T10:06:49.404+0000] {dag.py:3036} INFO - Sync 1 DAGs
[2025-01-14T10:06:49.427+0000] {logging_mixin.py:188} INFO - [2025-01-14T10:06:49.427+0000] {dag.py:3823} INFO - Setting next_dagrun for load_and_merge_data_2 to 2025-02-01 00:00:00+00:00, run_after=2025-03-01 00:00:00+00:00
[2025-01-14T10:06:49.450+0000] {processor.py:183} INFO - Processing /opt/airflow/dags/load_and_merge_data_2.py took 0.455 seconds
[2025-01-14T10:07:19.645+0000] {processor.py:161} INFO - Started process (PID=4764) to work on /opt/airflow/dags/load_and_merge_data_2.py
[2025-01-14T10:07:19.646+0000] {processor.py:830} INFO - Processing file /opt/airflow/dags/load_and_merge_data_2.py for tasks to queue
[2025-01-14T10:07:19.649+0000] {logging_mixin.py:188} INFO - [2025-01-14T10:07:19.648+0000] {dagbag.py:538} INFO - Filling up the DagBag from /opt/airflow/dags/load_and_merge_data_2.py
[2025-01-14T10:07:19.991+0000] {processor.py:840} INFO - DAG(s) 'load_and_merge_data_2' retrieved from /opt/airflow/dags/load_and_merge_data_2.py
[2025-01-14T10:07:20.111+0000] {logging_mixin.py:188} INFO - [2025-01-14T10:07:20.110+0000] {dag.py:3036} INFO - Sync 1 DAGs
[2025-01-14T10:07:20.140+0000] {logging_mixin.py:188} INFO - [2025-01-14T10:07:20.140+0000] {dag.py:3823} INFO - Setting next_dagrun for load_and_merge_data_2 to 2025-02-01 00:00:00+00:00, run_after=2025-03-01 00:00:00+00:00
[2025-01-14T10:07:20.169+0000] {processor.py:183} INFO - Processing /opt/airflow/dags/load_and_merge_data_2.py took 0.528 seconds
[2025-01-14T10:07:50.337+0000] {processor.py:161} INFO - Started process (PID=4774) to work on /opt/airflow/dags/load_and_merge_data_2.py
[2025-01-14T10:07:50.338+0000] {processor.py:830} INFO - Processing file /opt/airflow/dags/load_and_merge_data_2.py for tasks to queue
[2025-01-14T10:07:50.341+0000] {logging_mixin.py:188} INFO - [2025-01-14T10:07:50.341+0000] {dagbag.py:538} INFO - Filling up the DagBag from /opt/airflow/dags/load_and_merge_data_2.py
[2025-01-14T10:07:50.631+0000] {processor.py:840} INFO - DAG(s) 'load_and_merge_data_2' retrieved from /opt/airflow/dags/load_and_merge_data_2.py
[2025-01-14T10:07:50.734+0000] {logging_mixin.py:188} INFO - [2025-01-14T10:07:50.733+0000] {dag.py:3036} INFO - Sync 1 DAGs
[2025-01-14T10:07:50.759+0000] {logging_mixin.py:188} INFO - [2025-01-14T10:07:50.758+0000] {dag.py:3823} INFO - Setting next_dagrun for load_and_merge_data_2 to 2025-02-01 00:00:00+00:00, run_after=2025-03-01 00:00:00+00:00
[2025-01-14T10:07:50.785+0000] {processor.py:183} INFO - Processing /opt/airflow/dags/load_and_merge_data_2.py took 0.452 seconds
[2025-01-14T10:08:20.956+0000] {processor.py:161} INFO - Started process (PID=4784) to work on /opt/airflow/dags/load_and_merge_data_2.py
[2025-01-14T10:08:20.958+0000] {processor.py:830} INFO - Processing file /opt/airflow/dags/load_and_merge_data_2.py for tasks to queue
[2025-01-14T10:08:20.961+0000] {logging_mixin.py:188} INFO - [2025-01-14T10:08:20.960+0000] {dagbag.py:538} INFO - Filling up the DagBag from /opt/airflow/dags/load_and_merge_data_2.py
[2025-01-14T10:08:21.245+0000] {processor.py:840} INFO - DAG(s) 'load_and_merge_data_2' retrieved from /opt/airflow/dags/load_and_merge_data_2.py
[2025-01-14T10:08:21.348+0000] {logging_mixin.py:188} INFO - [2025-01-14T10:08:21.347+0000] {dag.py:3036} INFO - Sync 1 DAGs
[2025-01-14T10:08:21.371+0000] {logging_mixin.py:188} INFO - [2025-01-14T10:08:21.371+0000] {dag.py:3823} INFO - Setting next_dagrun for load_and_merge_data_2 to 2025-02-01 00:00:00+00:00, run_after=2025-03-01 00:00:00+00:00
[2025-01-14T10:08:21.400+0000] {processor.py:183} INFO - Processing /opt/airflow/dags/load_and_merge_data_2.py took 0.449 seconds
[2025-01-14T10:08:51.595+0000] {processor.py:161} INFO - Started process (PID=4794) to work on /opt/airflow/dags/load_and_merge_data_2.py
[2025-01-14T10:08:51.596+0000] {processor.py:830} INFO - Processing file /opt/airflow/dags/load_and_merge_data_2.py for tasks to queue
[2025-01-14T10:08:51.599+0000] {logging_mixin.py:188} INFO - [2025-01-14T10:08:51.598+0000] {dagbag.py:538} INFO - Filling up the DagBag from /opt/airflow/dags/load_and_merge_data_2.py
[2025-01-14T10:08:51.917+0000] {processor.py:840} INFO - DAG(s) 'load_and_merge_data_2' retrieved from /opt/airflow/dags/load_and_merge_data_2.py
[2025-01-14T10:08:52.020+0000] {logging_mixin.py:188} INFO - [2025-01-14T10:08:52.019+0000] {dag.py:3036} INFO - Sync 1 DAGs
[2025-01-14T10:08:52.047+0000] {logging_mixin.py:188} INFO - [2025-01-14T10:08:52.047+0000] {dag.py:3823} INFO - Setting next_dagrun for load_and_merge_data_2 to 2025-02-01 00:00:00+00:00, run_after=2025-03-01 00:00:00+00:00
[2025-01-14T10:08:52.078+0000] {processor.py:183} INFO - Processing /opt/airflow/dags/load_and_merge_data_2.py took 0.487 seconds
[2025-01-14T10:09:22.252+0000] {processor.py:161} INFO - Started process (PID=4803) to work on /opt/airflow/dags/load_and_merge_data_2.py
[2025-01-14T10:09:22.254+0000] {processor.py:830} INFO - Processing file /opt/airflow/dags/load_and_merge_data_2.py for tasks to queue
[2025-01-14T10:09:22.257+0000] {logging_mixin.py:188} INFO - [2025-01-14T10:09:22.256+0000] {dagbag.py:538} INFO - Filling up the DagBag from /opt/airflow/dags/load_and_merge_data_2.py
[2025-01-14T10:09:22.542+0000] {processor.py:840} INFO - DAG(s) 'load_and_merge_data_2' retrieved from /opt/airflow/dags/load_and_merge_data_2.py
[2025-01-14T10:09:22.648+0000] {logging_mixin.py:188} INFO - [2025-01-14T10:09:22.647+0000] {dag.py:3036} INFO - Sync 1 DAGs
[2025-01-14T10:09:22.672+0000] {logging_mixin.py:188} INFO - [2025-01-14T10:09:22.672+0000] {dag.py:3823} INFO - Setting next_dagrun for load_and_merge_data_2 to 2025-02-01 00:00:00+00:00, run_after=2025-03-01 00:00:00+00:00
[2025-01-14T10:09:22.701+0000] {processor.py:183} INFO - Processing /opt/airflow/dags/load_and_merge_data_2.py took 0.453 seconds
[2025-01-14T10:09:52.872+0000] {processor.py:161} INFO - Started process (PID=4813) to work on /opt/airflow/dags/load_and_merge_data_2.py
[2025-01-14T10:09:52.874+0000] {processor.py:830} INFO - Processing file /opt/airflow/dags/load_and_merge_data_2.py for tasks to queue
[2025-01-14T10:09:52.877+0000] {logging_mixin.py:188} INFO - [2025-01-14T10:09:52.877+0000] {dagbag.py:538} INFO - Filling up the DagBag from /opt/airflow/dags/load_and_merge_data_2.py
[2025-01-14T10:09:53.176+0000] {processor.py:840} INFO - DAG(s) 'load_and_merge_data_2' retrieved from /opt/airflow/dags/load_and_merge_data_2.py
[2025-01-14T10:09:53.286+0000] {logging_mixin.py:188} INFO - [2025-01-14T10:09:53.286+0000] {dag.py:3036} INFO - Sync 1 DAGs
[2025-01-14T10:09:53.311+0000] {logging_mixin.py:188} INFO - [2025-01-14T10:09:53.310+0000] {dag.py:3823} INFO - Setting next_dagrun for load_and_merge_data_2 to 2025-02-01 00:00:00+00:00, run_after=2025-03-01 00:00:00+00:00
[2025-01-14T10:09:53.336+0000] {processor.py:183} INFO - Processing /opt/airflow/dags/load_and_merge_data_2.py took 0.467 seconds
[2025-01-14T10:10:23.519+0000] {processor.py:161} INFO - Started process (PID=4823) to work on /opt/airflow/dags/load_and_merge_data_2.py
[2025-01-14T10:10:23.520+0000] {processor.py:830} INFO - Processing file /opt/airflow/dags/load_and_merge_data_2.py for tasks to queue
[2025-01-14T10:10:23.523+0000] {logging_mixin.py:188} INFO - [2025-01-14T10:10:23.522+0000] {dagbag.py:538} INFO - Filling up the DagBag from /opt/airflow/dags/load_and_merge_data_2.py
[2025-01-14T10:10:23.819+0000] {processor.py:840} INFO - DAG(s) 'load_and_merge_data_2' retrieved from /opt/airflow/dags/load_and_merge_data_2.py
[2025-01-14T10:10:23.924+0000] {logging_mixin.py:188} INFO - [2025-01-14T10:10:23.923+0000] {dag.py:3036} INFO - Sync 1 DAGs
[2025-01-14T10:10:23.949+0000] {logging_mixin.py:188} INFO - [2025-01-14T10:10:23.949+0000] {dag.py:3823} INFO - Setting next_dagrun for load_and_merge_data_2 to 2025-02-01 00:00:00+00:00, run_after=2025-03-01 00:00:00+00:00
[2025-01-14T10:10:23.973+0000] {processor.py:183} INFO - Processing /opt/airflow/dags/load_and_merge_data_2.py took 0.458 seconds
[2025-01-14T10:10:54.180+0000] {processor.py:161} INFO - Started process (PID=4833) to work on /opt/airflow/dags/load_and_merge_data_2.py
[2025-01-14T10:10:54.182+0000] {processor.py:830} INFO - Processing file /opt/airflow/dags/load_and_merge_data_2.py for tasks to queue
[2025-01-14T10:10:54.184+0000] {logging_mixin.py:188} INFO - [2025-01-14T10:10:54.184+0000] {dagbag.py:538} INFO - Filling up the DagBag from /opt/airflow/dags/load_and_merge_data_2.py
[2025-01-14T10:10:54.473+0000] {processor.py:840} INFO - DAG(s) 'load_and_merge_data_2' retrieved from /opt/airflow/dags/load_and_merge_data_2.py
[2025-01-14T10:10:54.609+0000] {logging_mixin.py:188} INFO - [2025-01-14T10:10:54.609+0000] {dag.py:3036} INFO - Sync 1 DAGs
[2025-01-14T10:10:54.634+0000] {logging_mixin.py:188} INFO - [2025-01-14T10:10:54.634+0000] {dag.py:3823} INFO - Setting next_dagrun for load_and_merge_data_2 to 2025-02-01 00:00:00+00:00, run_after=2025-03-01 00:00:00+00:00
[2025-01-14T10:10:54.660+0000] {processor.py:183} INFO - Processing /opt/airflow/dags/load_and_merge_data_2.py took 0.484 seconds
[2025-01-14T10:11:24.854+0000] {processor.py:161} INFO - Started process (PID=4843) to work on /opt/airflow/dags/load_and_merge_data_2.py
[2025-01-14T10:11:24.855+0000] {processor.py:830} INFO - Processing file /opt/airflow/dags/load_and_merge_data_2.py for tasks to queue
[2025-01-14T10:11:24.858+0000] {logging_mixin.py:188} INFO - [2025-01-14T10:11:24.857+0000] {dagbag.py:538} INFO - Filling up the DagBag from /opt/airflow/dags/load_and_merge_data_2.py
[2025-01-14T10:11:25.149+0000] {processor.py:840} INFO - DAG(s) 'load_and_merge_data_2' retrieved from /opt/airflow/dags/load_and_merge_data_2.py
[2025-01-14T10:11:25.245+0000] {logging_mixin.py:188} INFO - [2025-01-14T10:11:25.244+0000] {dag.py:3036} INFO - Sync 1 DAGs
[2025-01-14T10:11:25.272+0000] {logging_mixin.py:188} INFO - [2025-01-14T10:11:25.272+0000] {dag.py:3823} INFO - Setting next_dagrun for load_and_merge_data_2 to 2025-02-01 00:00:00+00:00, run_after=2025-03-01 00:00:00+00:00
[2025-01-14T10:11:25.296+0000] {processor.py:183} INFO - Processing /opt/airflow/dags/load_and_merge_data_2.py took 0.447 seconds
[2025-01-14T10:11:55.491+0000] {processor.py:161} INFO - Started process (PID=4853) to work on /opt/airflow/dags/load_and_merge_data_2.py
[2025-01-14T10:11:55.493+0000] {processor.py:830} INFO - Processing file /opt/airflow/dags/load_and_merge_data_2.py for tasks to queue
[2025-01-14T10:11:55.496+0000] {logging_mixin.py:188} INFO - [2025-01-14T10:11:55.495+0000] {dagbag.py:538} INFO - Filling up the DagBag from /opt/airflow/dags/load_and_merge_data_2.py
[2025-01-14T10:11:55.810+0000] {processor.py:840} INFO - DAG(s) 'load_and_merge_data_2' retrieved from /opt/airflow/dags/load_and_merge_data_2.py
[2025-01-14T10:11:55.912+0000] {logging_mixin.py:188} INFO - [2025-01-14T10:11:55.912+0000] {dag.py:3036} INFO - Sync 1 DAGs
[2025-01-14T10:11:55.937+0000] {logging_mixin.py:188} INFO - [2025-01-14T10:11:55.937+0000] {dag.py:3823} INFO - Setting next_dagrun for load_and_merge_data_2 to 2025-02-01 00:00:00+00:00, run_after=2025-03-01 00:00:00+00:00
[2025-01-14T10:11:55.964+0000] {processor.py:183} INFO - Processing /opt/airflow/dags/load_and_merge_data_2.py took 0.476 seconds
[2025-01-14T10:12:26.179+0000] {processor.py:161} INFO - Started process (PID=4862) to work on /opt/airflow/dags/load_and_merge_data_2.py
[2025-01-14T10:12:26.180+0000] {processor.py:830} INFO - Processing file /opt/airflow/dags/load_and_merge_data_2.py for tasks to queue
[2025-01-14T10:12:26.183+0000] {logging_mixin.py:188} INFO - [2025-01-14T10:12:26.183+0000] {dagbag.py:538} INFO - Filling up the DagBag from /opt/airflow/dags/load_and_merge_data_2.py
[2025-01-14T10:12:26.542+0000] {processor.py:840} INFO - DAG(s) 'load_and_merge_data_2' retrieved from /opt/airflow/dags/load_and_merge_data_2.py
[2025-01-14T10:12:26.642+0000] {logging_mixin.py:188} INFO - [2025-01-14T10:12:26.642+0000] {dag.py:3036} INFO - Sync 1 DAGs
[2025-01-14T10:12:26.670+0000] {logging_mixin.py:188} INFO - [2025-01-14T10:12:26.669+0000] {dag.py:3823} INFO - Setting next_dagrun for load_and_merge_data_2 to 2025-02-01 00:00:00+00:00, run_after=2025-03-01 00:00:00+00:00
[2025-01-14T10:12:26.696+0000] {processor.py:183} INFO - Processing /opt/airflow/dags/load_and_merge_data_2.py took 0.521 seconds
[2025-01-14T10:12:56.893+0000] {processor.py:161} INFO - Started process (PID=4872) to work on /opt/airflow/dags/load_and_merge_data_2.py
[2025-01-14T10:12:56.894+0000] {processor.py:830} INFO - Processing file /opt/airflow/dags/load_and_merge_data_2.py for tasks to queue
[2025-01-14T10:12:56.901+0000] {logging_mixin.py:188} INFO - [2025-01-14T10:12:56.901+0000] {dagbag.py:538} INFO - Filling up the DagBag from /opt/airflow/dags/load_and_merge_data_2.py
[2025-01-14T10:12:57.205+0000] {processor.py:840} INFO - DAG(s) 'load_and_merge_data_2' retrieved from /opt/airflow/dags/load_and_merge_data_2.py
[2025-01-14T10:12:57.327+0000] {logging_mixin.py:188} INFO - [2025-01-14T10:12:57.327+0000] {dag.py:3036} INFO - Sync 1 DAGs
[2025-01-14T10:12:57.366+0000] {logging_mixin.py:188} INFO - [2025-01-14T10:12:57.365+0000] {dag.py:3823} INFO - Setting next_dagrun for load_and_merge_data_2 to 2025-02-01 00:00:00+00:00, run_after=2025-03-01 00:00:00+00:00
[2025-01-14T10:12:57.398+0000] {processor.py:183} INFO - Processing /opt/airflow/dags/load_and_merge_data_2.py took 0.508 seconds
[2025-01-14T10:13:27.590+0000] {processor.py:161} INFO - Started process (PID=4882) to work on /opt/airflow/dags/load_and_merge_data_2.py
[2025-01-14T10:13:27.592+0000] {processor.py:830} INFO - Processing file /opt/airflow/dags/load_and_merge_data_2.py for tasks to queue
[2025-01-14T10:13:27.594+0000] {logging_mixin.py:188} INFO - [2025-01-14T10:13:27.594+0000] {dagbag.py:538} INFO - Filling up the DagBag from /opt/airflow/dags/load_and_merge_data_2.py
[2025-01-14T10:13:27.915+0000] {processor.py:840} INFO - DAG(s) 'load_and_merge_data_2' retrieved from /opt/airflow/dags/load_and_merge_data_2.py
[2025-01-14T10:13:28.034+0000] {logging_mixin.py:188} INFO - [2025-01-14T10:13:28.034+0000] {dag.py:3036} INFO - Sync 1 DAGs
[2025-01-14T10:13:28.068+0000] {logging_mixin.py:188} INFO - [2025-01-14T10:13:28.067+0000] {dag.py:3823} INFO - Setting next_dagrun for load_and_merge_data_2 to 2025-02-01 00:00:00+00:00, run_after=2025-03-01 00:00:00+00:00
[2025-01-14T10:13:28.102+0000] {processor.py:183} INFO - Processing /opt/airflow/dags/load_and_merge_data_2.py took 0.517 seconds
