[2025-01-14T09:58:38.506+0000] {processor.py:161} INFO - Started process (PID=4595) to work on /opt/airflow/dags/load_and_merge_data.py
[2025-01-14T09:58:38.507+0000] {processor.py:830} INFO - Processing file /opt/airflow/dags/load_and_merge_data.py for tasks to queue
[2025-01-14T09:58:38.511+0000] {logging_mixin.py:188} INFO - [2025-01-14T09:58:38.510+0000] {dagbag.py:538} INFO - Filling up the DagBag from /opt/airflow/dags/load_and_merge_data.py
[2025-01-14T09:58:38.818+0000] {processor.py:840} INFO - DAG(s) 'load_and_merge_data' retrieved from /opt/airflow/dags/load_and_merge_data.py
[2025-01-14T09:58:38.927+0000] {logging_mixin.py:188} INFO - [2025-01-14T09:58:38.926+0000] {dag.py:3036} INFO - Sync 1 DAGs
[2025-01-14T09:58:38.952+0000] {logging_mixin.py:188} INFO - [2025-01-14T09:58:38.951+0000] {dag.py:3823} INFO - Setting next_dagrun for load_and_merge_data to 2025-02-01 00:00:00+00:00, run_after=2025-03-01 00:00:00+00:00
[2025-01-14T09:58:38.978+0000] {processor.py:183} INFO - Processing /opt/airflow/dags/load_and_merge_data.py took 0.476 seconds
[2025-01-14T09:59:09.182+0000] {processor.py:161} INFO - Started process (PID=4605) to work on /opt/airflow/dags/load_and_merge_data.py
[2025-01-14T09:59:09.183+0000] {processor.py:830} INFO - Processing file /opt/airflow/dags/load_and_merge_data.py for tasks to queue
[2025-01-14T09:59:09.187+0000] {logging_mixin.py:188} INFO - [2025-01-14T09:59:09.186+0000] {dagbag.py:538} INFO - Filling up the DagBag from /opt/airflow/dags/load_and_merge_data.py
[2025-01-14T09:59:09.473+0000] {processor.py:840} INFO - DAG(s) 'load_and_merge_data' retrieved from /opt/airflow/dags/load_and_merge_data.py
[2025-01-14T09:59:09.583+0000] {logging_mixin.py:188} INFO - [2025-01-14T09:59:09.582+0000] {dag.py:3036} INFO - Sync 1 DAGs
[2025-01-14T09:59:09.609+0000] {logging_mixin.py:188} INFO - [2025-01-14T09:59:09.609+0000] {dag.py:3823} INFO - Setting next_dagrun for load_and_merge_data to 2025-02-01 00:00:00+00:00, run_after=2025-03-01 00:00:00+00:00
[2025-01-14T09:59:09.634+0000] {processor.py:183} INFO - Processing /opt/airflow/dags/load_and_merge_data.py took 0.455 seconds
[2025-01-14T09:59:39.810+0000] {processor.py:161} INFO - Started process (PID=4615) to work on /opt/airflow/dags/load_and_merge_data.py
[2025-01-14T09:59:39.812+0000] {processor.py:830} INFO - Processing file /opt/airflow/dags/load_and_merge_data.py for tasks to queue
[2025-01-14T09:59:39.815+0000] {logging_mixin.py:188} INFO - [2025-01-14T09:59:39.814+0000] {dagbag.py:538} INFO - Filling up the DagBag from /opt/airflow/dags/load_and_merge_data.py
[2025-01-14T09:59:40.098+0000] {processor.py:840} INFO - DAG(s) 'load_and_merge_data' retrieved from /opt/airflow/dags/load_and_merge_data.py
[2025-01-14T09:59:40.205+0000] {logging_mixin.py:188} INFO - [2025-01-14T09:59:40.204+0000] {dag.py:3036} INFO - Sync 1 DAGs
[2025-01-14T09:59:40.231+0000] {logging_mixin.py:188} INFO - [2025-01-14T09:59:40.231+0000] {dag.py:3823} INFO - Setting next_dagrun for load_and_merge_data to 2025-02-01 00:00:00+00:00, run_after=2025-03-01 00:00:00+00:00
[2025-01-14T09:59:40.257+0000] {processor.py:183} INFO - Processing /opt/airflow/dags/load_and_merge_data.py took 0.452 seconds
[2025-01-14T10:00:10.459+0000] {processor.py:161} INFO - Started process (PID=4625) to work on /opt/airflow/dags/load_and_merge_data.py
[2025-01-14T10:00:10.461+0000] {processor.py:830} INFO - Processing file /opt/airflow/dags/load_and_merge_data.py for tasks to queue
[2025-01-14T10:00:10.464+0000] {logging_mixin.py:188} INFO - [2025-01-14T10:00:10.463+0000] {dagbag.py:538} INFO - Filling up the DagBag from /opt/airflow/dags/load_and_merge_data.py
[2025-01-14T10:00:10.745+0000] {processor.py:840} INFO - DAG(s) 'load_and_merge_data' retrieved from /opt/airflow/dags/load_and_merge_data.py
[2025-01-14T10:00:10.846+0000] {logging_mixin.py:188} INFO - [2025-01-14T10:00:10.846+0000] {dag.py:3036} INFO - Sync 1 DAGs
[2025-01-14T10:00:10.871+0000] {logging_mixin.py:188} INFO - [2025-01-14T10:00:10.871+0000] {dag.py:3823} INFO - Setting next_dagrun for load_and_merge_data to 2025-02-01 00:00:00+00:00, run_after=2025-03-01 00:00:00+00:00
[2025-01-14T10:00:10.899+0000] {processor.py:183} INFO - Processing /opt/airflow/dags/load_and_merge_data.py took 0.443 seconds
[2025-01-14T10:00:41.109+0000] {processor.py:161} INFO - Started process (PID=4635) to work on /opt/airflow/dags/load_and_merge_data.py
[2025-01-14T10:00:41.110+0000] {processor.py:830} INFO - Processing file /opt/airflow/dags/load_and_merge_data.py for tasks to queue
[2025-01-14T10:00:41.114+0000] {logging_mixin.py:188} INFO - [2025-01-14T10:00:41.113+0000] {dagbag.py:538} INFO - Filling up the DagBag from /opt/airflow/dags/load_and_merge_data.py
[2025-01-14T10:00:41.419+0000] {processor.py:840} INFO - DAG(s) 'load_and_merge_data' retrieved from /opt/airflow/dags/load_and_merge_data.py
[2025-01-14T10:00:41.534+0000] {logging_mixin.py:188} INFO - [2025-01-14T10:00:41.533+0000] {dag.py:3036} INFO - Sync 1 DAGs
[2025-01-14T10:00:41.560+0000] {logging_mixin.py:188} INFO - [2025-01-14T10:00:41.560+0000] {dag.py:3823} INFO - Setting next_dagrun for load_and_merge_data to 2025-02-01 00:00:00+00:00, run_after=2025-03-01 00:00:00+00:00
[2025-01-14T10:00:41.590+0000] {processor.py:183} INFO - Processing /opt/airflow/dags/load_and_merge_data.py took 0.484 seconds
[2025-01-14T10:01:11.786+0000] {processor.py:161} INFO - Started process (PID=4645) to work on /opt/airflow/dags/load_and_merge_data.py
[2025-01-14T10:01:11.787+0000] {processor.py:830} INFO - Processing file /opt/airflow/dags/load_and_merge_data.py for tasks to queue
[2025-01-14T10:01:11.789+0000] {logging_mixin.py:188} INFO - [2025-01-14T10:01:11.789+0000] {dagbag.py:538} INFO - Filling up the DagBag from /opt/airflow/dags/load_and_merge_data.py
[2025-01-14T10:01:12.069+0000] {processor.py:840} INFO - DAG(s) 'load_and_merge_data' retrieved from /opt/airflow/dags/load_and_merge_data.py
[2025-01-14T10:01:12.173+0000] {logging_mixin.py:188} INFO - [2025-01-14T10:01:12.173+0000] {dag.py:3036} INFO - Sync 1 DAGs
[2025-01-14T10:01:12.202+0000] {logging_mixin.py:188} INFO - [2025-01-14T10:01:12.202+0000] {dag.py:3823} INFO - Setting next_dagrun for load_and_merge_data to 2025-02-01 00:00:00+00:00, run_after=2025-03-01 00:00:00+00:00
[2025-01-14T10:01:12.233+0000] {processor.py:183} INFO - Processing /opt/airflow/dags/load_and_merge_data.py took 0.450 seconds
[2025-01-14T10:01:42.417+0000] {processor.py:161} INFO - Started process (PID=4655) to work on /opt/airflow/dags/load_and_merge_data.py
[2025-01-14T10:01:42.419+0000] {processor.py:830} INFO - Processing file /opt/airflow/dags/load_and_merge_data.py for tasks to queue
[2025-01-14T10:01:42.421+0000] {logging_mixin.py:188} INFO - [2025-01-14T10:01:42.421+0000] {dagbag.py:538} INFO - Filling up the DagBag from /opt/airflow/dags/load_and_merge_data.py
[2025-01-14T10:01:42.705+0000] {processor.py:840} INFO - DAG(s) 'load_and_merge_data' retrieved from /opt/airflow/dags/load_and_merge_data.py
[2025-01-14T10:01:42.798+0000] {logging_mixin.py:188} INFO - [2025-01-14T10:01:42.797+0000] {dag.py:3036} INFO - Sync 1 DAGs
[2025-01-14T10:01:42.824+0000] {logging_mixin.py:188} INFO - [2025-01-14T10:01:42.824+0000] {dag.py:3823} INFO - Setting next_dagrun for load_and_merge_data to 2025-02-01 00:00:00+00:00, run_after=2025-03-01 00:00:00+00:00
[2025-01-14T10:01:42.854+0000] {processor.py:183} INFO - Processing /opt/airflow/dags/load_and_merge_data.py took 0.442 seconds
[2025-01-14T10:02:13.044+0000] {processor.py:161} INFO - Started process (PID=4665) to work on /opt/airflow/dags/load_and_merge_data.py
[2025-01-14T10:02:13.045+0000] {processor.py:830} INFO - Processing file /opt/airflow/dags/load_and_merge_data.py for tasks to queue
[2025-01-14T10:02:13.048+0000] {logging_mixin.py:188} INFO - [2025-01-14T10:02:13.048+0000] {dagbag.py:538} INFO - Filling up the DagBag from /opt/airflow/dags/load_and_merge_data.py
[2025-01-14T10:02:13.327+0000] {processor.py:840} INFO - DAG(s) 'load_and_merge_data' retrieved from /opt/airflow/dags/load_and_merge_data.py
[2025-01-14T10:02:13.428+0000] {logging_mixin.py:188} INFO - [2025-01-14T10:02:13.428+0000] {dag.py:3036} INFO - Sync 1 DAGs
[2025-01-14T10:02:13.460+0000] {logging_mixin.py:188} INFO - [2025-01-14T10:02:13.460+0000] {dag.py:3823} INFO - Setting next_dagrun for load_and_merge_data to 2025-02-01 00:00:00+00:00, run_after=2025-03-01 00:00:00+00:00
[2025-01-14T10:02:13.488+0000] {processor.py:183} INFO - Processing /opt/airflow/dags/load_and_merge_data.py took 0.447 seconds
[2025-01-14T10:02:43.697+0000] {processor.py:161} INFO - Started process (PID=4675) to work on /opt/airflow/dags/load_and_merge_data.py
[2025-01-14T10:02:43.699+0000] {processor.py:830} INFO - Processing file /opt/airflow/dags/load_and_merge_data.py for tasks to queue
[2025-01-14T10:02:43.701+0000] {logging_mixin.py:188} INFO - [2025-01-14T10:02:43.701+0000] {dagbag.py:538} INFO - Filling up the DagBag from /opt/airflow/dags/load_and_merge_data.py
[2025-01-14T10:02:43.975+0000] {processor.py:840} INFO - DAG(s) 'load_and_merge_data' retrieved from /opt/airflow/dags/load_and_merge_data.py
[2025-01-14T10:02:44.079+0000] {logging_mixin.py:188} INFO - [2025-01-14T10:02:44.078+0000] {dag.py:3036} INFO - Sync 1 DAGs
[2025-01-14T10:02:44.108+0000] {logging_mixin.py:188} INFO - [2025-01-14T10:02:44.107+0000] {dag.py:3823} INFO - Setting next_dagrun for load_and_merge_data to 2025-02-01 00:00:00+00:00, run_after=2025-03-01 00:00:00+00:00
[2025-01-14T10:02:44.132+0000] {processor.py:183} INFO - Processing /opt/airflow/dags/load_and_merge_data.py took 0.440 seconds
[2025-01-14T10:03:14.328+0000] {processor.py:161} INFO - Started process (PID=4685) to work on /opt/airflow/dags/load_and_merge_data.py
[2025-01-14T10:03:14.330+0000] {processor.py:830} INFO - Processing file /opt/airflow/dags/load_and_merge_data.py for tasks to queue
[2025-01-14T10:03:14.333+0000] {logging_mixin.py:188} INFO - [2025-01-14T10:03:14.332+0000] {dagbag.py:538} INFO - Filling up the DagBag from /opt/airflow/dags/load_and_merge_data.py
[2025-01-14T10:03:14.644+0000] {processor.py:840} INFO - DAG(s) 'load_and_merge_data' retrieved from /opt/airflow/dags/load_and_merge_data.py
[2025-01-14T10:03:14.746+0000] {logging_mixin.py:188} INFO - [2025-01-14T10:03:14.745+0000] {dag.py:3036} INFO - Sync 1 DAGs
[2025-01-14T10:03:14.772+0000] {logging_mixin.py:188} INFO - [2025-01-14T10:03:14.772+0000] {dag.py:3823} INFO - Setting next_dagrun for load_and_merge_data to 2025-02-01 00:00:00+00:00, run_after=2025-03-01 00:00:00+00:00
[2025-01-14T10:03:14.800+0000] {processor.py:183} INFO - Processing /opt/airflow/dags/load_and_merge_data.py took 0.475 seconds
[2025-01-14T10:03:45.002+0000] {processor.py:161} INFO - Started process (PID=4695) to work on /opt/airflow/dags/load_and_merge_data.py
[2025-01-14T10:03:45.003+0000] {processor.py:830} INFO - Processing file /opt/airflow/dags/load_and_merge_data.py for tasks to queue
[2025-01-14T10:03:45.007+0000] {logging_mixin.py:188} INFO - [2025-01-14T10:03:45.006+0000] {dagbag.py:538} INFO - Filling up the DagBag from /opt/airflow/dags/load_and_merge_data.py
[2025-01-14T10:03:45.323+0000] {processor.py:840} INFO - DAG(s) 'load_and_merge_data' retrieved from /opt/airflow/dags/load_and_merge_data.py
[2025-01-14T10:03:45.425+0000] {logging_mixin.py:188} INFO - [2025-01-14T10:03:45.424+0000] {dag.py:3036} INFO - Sync 1 DAGs
[2025-01-14T10:03:45.451+0000] {logging_mixin.py:188} INFO - [2025-01-14T10:03:45.451+0000] {dag.py:3823} INFO - Setting next_dagrun for load_and_merge_data to 2025-02-01 00:00:00+00:00, run_after=2025-03-01 00:00:00+00:00
[2025-01-14T10:03:45.477+0000] {processor.py:183} INFO - Processing /opt/airflow/dags/load_and_merge_data.py took 0.479 seconds
[2025-01-14T10:04:15.648+0000] {processor.py:161} INFO - Started process (PID=4705) to work on /opt/airflow/dags/load_and_merge_data.py
[2025-01-14T10:04:15.649+0000] {processor.py:830} INFO - Processing file /opt/airflow/dags/load_and_merge_data.py for tasks to queue
[2025-01-14T10:04:15.652+0000] {logging_mixin.py:188} INFO - [2025-01-14T10:04:15.652+0000] {dagbag.py:538} INFO - Filling up the DagBag from /opt/airflow/dags/load_and_merge_data.py
[2025-01-14T10:04:15.968+0000] {processor.py:840} INFO - DAG(s) 'load_and_merge_data' retrieved from /opt/airflow/dags/load_and_merge_data.py
[2025-01-14T10:04:16.085+0000] {logging_mixin.py:188} INFO - [2025-01-14T10:04:16.084+0000] {dag.py:3036} INFO - Sync 1 DAGs
[2025-01-14T10:04:16.112+0000] {logging_mixin.py:188} INFO - [2025-01-14T10:04:16.112+0000] {dag.py:3823} INFO - Setting next_dagrun for load_and_merge_data to 2025-02-01 00:00:00+00:00, run_after=2025-03-01 00:00:00+00:00
[2025-01-14T10:04:16.136+0000] {processor.py:183} INFO - Processing /opt/airflow/dags/load_and_merge_data.py took 0.493 seconds
[2025-01-14T10:04:46.327+0000] {processor.py:161} INFO - Started process (PID=4715) to work on /opt/airflow/dags/load_and_merge_data.py
[2025-01-14T10:04:46.328+0000] {processor.py:830} INFO - Processing file /opt/airflow/dags/load_and_merge_data.py for tasks to queue
[2025-01-14T10:04:46.331+0000] {logging_mixin.py:188} INFO - [2025-01-14T10:04:46.330+0000] {dagbag.py:538} INFO - Filling up the DagBag from /opt/airflow/dags/load_and_merge_data.py
[2025-01-14T10:04:46.611+0000] {processor.py:840} INFO - DAG(s) 'load_and_merge_data' retrieved from /opt/airflow/dags/load_and_merge_data.py
[2025-01-14T10:04:46.718+0000] {logging_mixin.py:188} INFO - [2025-01-14T10:04:46.717+0000] {dag.py:3036} INFO - Sync 1 DAGs
[2025-01-14T10:04:46.745+0000] {logging_mixin.py:188} INFO - [2025-01-14T10:04:46.745+0000] {dag.py:3823} INFO - Setting next_dagrun for load_and_merge_data to 2025-02-01 00:00:00+00:00, run_after=2025-03-01 00:00:00+00:00
[2025-01-14T10:04:46.779+0000] {processor.py:183} INFO - Processing /opt/airflow/dags/load_and_merge_data.py took 0.456 seconds
[2025-01-14T10:05:16.988+0000] {processor.py:161} INFO - Started process (PID=4725) to work on /opt/airflow/dags/load_and_merge_data.py
[2025-01-14T10:05:16.990+0000] {processor.py:830} INFO - Processing file /opt/airflow/dags/load_and_merge_data.py for tasks to queue
[2025-01-14T10:05:16.992+0000] {logging_mixin.py:188} INFO - [2025-01-14T10:05:16.992+0000] {dagbag.py:538} INFO - Filling up the DagBag from /opt/airflow/dags/load_and_merge_data.py
[2025-01-14T10:05:17.305+0000] {processor.py:840} INFO - DAG(s) 'load_and_merge_data' retrieved from /opt/airflow/dags/load_and_merge_data.py
[2025-01-14T10:05:17.421+0000] {logging_mixin.py:188} INFO - [2025-01-14T10:05:17.420+0000] {dag.py:3036} INFO - Sync 1 DAGs
[2025-01-14T10:05:17.445+0000] {logging_mixin.py:188} INFO - [2025-01-14T10:05:17.445+0000] {dag.py:3823} INFO - Setting next_dagrun for load_and_merge_data to 2025-02-01 00:00:00+00:00, run_after=2025-03-01 00:00:00+00:00
[2025-01-14T10:05:17.478+0000] {processor.py:183} INFO - Processing /opt/airflow/dags/load_and_merge_data.py took 0.493 seconds
[2025-01-14T10:05:47.680+0000] {processor.py:161} INFO - Started process (PID=4735) to work on /opt/airflow/dags/load_and_merge_data.py
[2025-01-14T10:05:47.682+0000] {processor.py:830} INFO - Processing file /opt/airflow/dags/load_and_merge_data.py for tasks to queue
[2025-01-14T10:05:47.684+0000] {logging_mixin.py:188} INFO - [2025-01-14T10:05:47.684+0000] {dagbag.py:538} INFO - Filling up the DagBag from /opt/airflow/dags/load_and_merge_data.py
[2025-01-14T10:05:47.980+0000] {processor.py:840} INFO - DAG(s) 'load_and_merge_data' retrieved from /opt/airflow/dags/load_and_merge_data.py
[2025-01-14T10:05:48.083+0000] {logging_mixin.py:188} INFO - [2025-01-14T10:05:48.082+0000] {dag.py:3036} INFO - Sync 1 DAGs
[2025-01-14T10:05:48.107+0000] {logging_mixin.py:188} INFO - [2025-01-14T10:05:48.106+0000] {dag.py:3823} INFO - Setting next_dagrun for load_and_merge_data to 2025-02-01 00:00:00+00:00, run_after=2025-03-01 00:00:00+00:00
[2025-01-14T10:05:48.131+0000] {processor.py:183} INFO - Processing /opt/airflow/dags/load_and_merge_data.py took 0.455 seconds
[2025-01-14T10:06:18.327+0000] {processor.py:161} INFO - Started process (PID=4745) to work on /opt/airflow/dags/load_and_merge_data.py
[2025-01-14T10:06:18.328+0000] {processor.py:830} INFO - Processing file /opt/airflow/dags/load_and_merge_data.py for tasks to queue
[2025-01-14T10:06:18.335+0000] {logging_mixin.py:188} INFO - [2025-01-14T10:06:18.334+0000] {dagbag.py:538} INFO - Filling up the DagBag from /opt/airflow/dags/load_and_merge_data.py
[2025-01-14T10:06:18.661+0000] {processor.py:840} INFO - DAG(s) 'load_and_merge_data' retrieved from /opt/airflow/dags/load_and_merge_data.py
[2025-01-14T10:06:18.770+0000] {logging_mixin.py:188} INFO - [2025-01-14T10:06:18.769+0000] {dag.py:3036} INFO - Sync 1 DAGs
[2025-01-14T10:06:18.794+0000] {logging_mixin.py:188} INFO - [2025-01-14T10:06:18.794+0000] {dag.py:3823} INFO - Setting next_dagrun for load_and_merge_data to 2025-02-01 00:00:00+00:00, run_after=2025-03-01 00:00:00+00:00
[2025-01-14T10:06:18.823+0000] {processor.py:183} INFO - Processing /opt/airflow/dags/load_and_merge_data.py took 0.500 seconds
[2025-01-14T10:06:49.011+0000] {processor.py:161} INFO - Started process (PID=4755) to work on /opt/airflow/dags/load_and_merge_data.py
[2025-01-14T10:06:49.014+0000] {processor.py:830} INFO - Processing file /opt/airflow/dags/load_and_merge_data.py for tasks to queue
[2025-01-14T10:06:49.016+0000] {logging_mixin.py:188} INFO - [2025-01-14T10:06:49.016+0000] {dagbag.py:538} INFO - Filling up the DagBag from /opt/airflow/dags/load_and_merge_data.py
[2025-01-14T10:06:49.333+0000] {processor.py:840} INFO - DAG(s) 'load_and_merge_data' retrieved from /opt/airflow/dags/load_and_merge_data.py
[2025-01-14T10:06:49.435+0000] {logging_mixin.py:188} INFO - [2025-01-14T10:06:49.435+0000] {dag.py:3036} INFO - Sync 1 DAGs
[2025-01-14T10:06:49.460+0000] {logging_mixin.py:188} INFO - [2025-01-14T10:06:49.460+0000] {dag.py:3823} INFO - Setting next_dagrun for load_and_merge_data to 2025-02-01 00:00:00+00:00, run_after=2025-03-01 00:00:00+00:00
[2025-01-14T10:06:49.481+0000] {processor.py:183} INFO - Processing /opt/airflow/dags/load_and_merge_data.py took 0.474 seconds
[2025-01-14T10:07:19.659+0000] {processor.py:161} INFO - Started process (PID=4765) to work on /opt/airflow/dags/load_and_merge_data.py
[2025-01-14T10:07:19.662+0000] {processor.py:830} INFO - Processing file /opt/airflow/dags/load_and_merge_data.py for tasks to queue
[2025-01-14T10:07:19.664+0000] {logging_mixin.py:188} INFO - [2025-01-14T10:07:19.664+0000] {dagbag.py:538} INFO - Filling up the DagBag from /opt/airflow/dags/load_and_merge_data.py
[2025-01-14T10:07:19.973+0000] {processor.py:840} INFO - DAG(s) 'load_and_merge_data' retrieved from /opt/airflow/dags/load_and_merge_data.py
[2025-01-14T10:07:20.090+0000] {logging_mixin.py:188} INFO - [2025-01-14T10:07:20.089+0000] {dag.py:3036} INFO - Sync 1 DAGs
[2025-01-14T10:07:20.119+0000] {logging_mixin.py:188} INFO - [2025-01-14T10:07:20.118+0000] {dag.py:3823} INFO - Setting next_dagrun for load_and_merge_data to 2025-02-01 00:00:00+00:00, run_after=2025-03-01 00:00:00+00:00
[2025-01-14T10:07:20.148+0000] {processor.py:183} INFO - Processing /opt/airflow/dags/load_and_merge_data.py took 0.493 seconds
[2025-01-14T10:07:50.347+0000] {processor.py:161} INFO - Started process (PID=4775) to work on /opt/airflow/dags/load_and_merge_data.py
[2025-01-14T10:07:50.349+0000] {processor.py:830} INFO - Processing file /opt/airflow/dags/load_and_merge_data.py for tasks to queue
[2025-01-14T10:07:50.352+0000] {logging_mixin.py:188} INFO - [2025-01-14T10:07:50.352+0000] {dagbag.py:538} INFO - Filling up the DagBag from /opt/airflow/dags/load_and_merge_data.py
[2025-01-14T10:07:50.639+0000] {processor.py:840} INFO - DAG(s) 'load_and_merge_data' retrieved from /opt/airflow/dags/load_and_merge_data.py
[2025-01-14T10:07:50.739+0000] {logging_mixin.py:188} INFO - [2025-01-14T10:07:50.738+0000] {dag.py:3036} INFO - Sync 1 DAGs
[2025-01-14T10:07:50.762+0000] {logging_mixin.py:188} INFO - [2025-01-14T10:07:50.762+0000] {dag.py:3823} INFO - Setting next_dagrun for load_and_merge_data to 2025-02-01 00:00:00+00:00, run_after=2025-03-01 00:00:00+00:00
[2025-01-14T10:07:50.789+0000] {processor.py:183} INFO - Processing /opt/airflow/dags/load_and_merge_data.py took 0.446 seconds
[2025-01-14T10:08:20.965+0000] {processor.py:161} INFO - Started process (PID=4785) to work on /opt/airflow/dags/load_and_merge_data.py
[2025-01-14T10:08:20.966+0000] {processor.py:830} INFO - Processing file /opt/airflow/dags/load_and_merge_data.py for tasks to queue
[2025-01-14T10:08:20.969+0000] {logging_mixin.py:188} INFO - [2025-01-14T10:08:20.969+0000] {dagbag.py:538} INFO - Filling up the DagBag from /opt/airflow/dags/load_and_merge_data.py
[2025-01-14T10:08:21.252+0000] {processor.py:840} INFO - DAG(s) 'load_and_merge_data' retrieved from /opt/airflow/dags/load_and_merge_data.py
[2025-01-14T10:08:21.362+0000] {logging_mixin.py:188} INFO - [2025-01-14T10:08:21.361+0000] {dag.py:3036} INFO - Sync 1 DAGs
[2025-01-14T10:08:21.386+0000] {logging_mixin.py:188} INFO - [2025-01-14T10:08:21.385+0000] {dag.py:3823} INFO - Setting next_dagrun for load_and_merge_data to 2025-02-01 00:00:00+00:00, run_after=2025-03-01 00:00:00+00:00
[2025-01-14T10:08:21.412+0000] {processor.py:183} INFO - Processing /opt/airflow/dags/load_and_merge_data.py took 0.451 seconds
[2025-01-14T10:08:51.604+0000] {processor.py:161} INFO - Started process (PID=4795) to work on /opt/airflow/dags/load_and_merge_data.py
[2025-01-14T10:08:51.605+0000] {processor.py:830} INFO - Processing file /opt/airflow/dags/load_and_merge_data.py for tasks to queue
[2025-01-14T10:08:51.609+0000] {logging_mixin.py:188} INFO - [2025-01-14T10:08:51.608+0000] {dagbag.py:538} INFO - Filling up the DagBag from /opt/airflow/dags/load_and_merge_data.py
[2025-01-14T10:08:51.910+0000] {processor.py:840} INFO - DAG(s) 'load_and_merge_data' retrieved from /opt/airflow/dags/load_and_merge_data.py
[2025-01-14T10:08:52.020+0000] {logging_mixin.py:188} INFO - [2025-01-14T10:08:52.020+0000] {dag.py:3036} INFO - Sync 1 DAGs
[2025-01-14T10:08:52.048+0000] {logging_mixin.py:188} INFO - [2025-01-14T10:08:52.048+0000] {dag.py:3823} INFO - Setting next_dagrun for load_and_merge_data to 2025-02-01 00:00:00+00:00, run_after=2025-03-01 00:00:00+00:00
[2025-01-14T10:08:52.080+0000] {processor.py:183} INFO - Processing /opt/airflow/dags/load_and_merge_data.py took 0.479 seconds
[2025-01-14T10:09:22.264+0000] {processor.py:161} INFO - Started process (PID=4804) to work on /opt/airflow/dags/load_and_merge_data.py
[2025-01-14T10:09:22.265+0000] {processor.py:830} INFO - Processing file /opt/airflow/dags/load_and_merge_data.py for tasks to queue
[2025-01-14T10:09:22.268+0000] {logging_mixin.py:188} INFO - [2025-01-14T10:09:22.267+0000] {dagbag.py:538} INFO - Filling up the DagBag from /opt/airflow/dags/load_and_merge_data.py
[2025-01-14T10:09:22.544+0000] {processor.py:840} INFO - DAG(s) 'load_and_merge_data' retrieved from /opt/airflow/dags/load_and_merge_data.py
[2025-01-14T10:09:22.650+0000] {logging_mixin.py:188} INFO - [2025-01-14T10:09:22.650+0000] {dag.py:3036} INFO - Sync 1 DAGs
[2025-01-14T10:09:22.672+0000] {logging_mixin.py:188} INFO - [2025-01-14T10:09:22.672+0000] {dag.py:3823} INFO - Setting next_dagrun for load_and_merge_data to 2025-02-01 00:00:00+00:00, run_after=2025-03-01 00:00:00+00:00
[2025-01-14T10:09:22.699+0000] {processor.py:183} INFO - Processing /opt/airflow/dags/load_and_merge_data.py took 0.439 seconds
[2025-01-14T10:09:52.883+0000] {processor.py:161} INFO - Started process (PID=4814) to work on /opt/airflow/dags/load_and_merge_data.py
[2025-01-14T10:09:52.884+0000] {processor.py:830} INFO - Processing file /opt/airflow/dags/load_and_merge_data.py for tasks to queue
[2025-01-14T10:09:52.887+0000] {logging_mixin.py:188} INFO - [2025-01-14T10:09:52.887+0000] {dagbag.py:538} INFO - Filling up the DagBag from /opt/airflow/dags/load_and_merge_data.py
[2025-01-14T10:09:53.176+0000] {processor.py:840} INFO - DAG(s) 'load_and_merge_data' retrieved from /opt/airflow/dags/load_and_merge_data.py
[2025-01-14T10:09:53.273+0000] {logging_mixin.py:188} INFO - [2025-01-14T10:09:53.273+0000] {dag.py:3036} INFO - Sync 1 DAGs
[2025-01-14T10:09:53.300+0000] {logging_mixin.py:188} INFO - [2025-01-14T10:09:53.300+0000] {dag.py:3823} INFO - Setting next_dagrun for load_and_merge_data to 2025-02-01 00:00:00+00:00, run_after=2025-03-01 00:00:00+00:00
[2025-01-14T10:09:53.325+0000] {processor.py:183} INFO - Processing /opt/airflow/dags/load_and_merge_data.py took 0.446 seconds
[2025-01-14T10:10:23.532+0000] {processor.py:161} INFO - Started process (PID=4824) to work on /opt/airflow/dags/load_and_merge_data.py
[2025-01-14T10:10:23.534+0000] {processor.py:830} INFO - Processing file /opt/airflow/dags/load_and_merge_data.py for tasks to queue
[2025-01-14T10:10:23.536+0000] {logging_mixin.py:188} INFO - [2025-01-14T10:10:23.536+0000] {dagbag.py:538} INFO - Filling up the DagBag from /opt/airflow/dags/load_and_merge_data.py
[2025-01-14T10:10:23.821+0000] {processor.py:840} INFO - DAG(s) 'load_and_merge_data' retrieved from /opt/airflow/dags/load_and_merge_data.py
[2025-01-14T10:10:23.926+0000] {logging_mixin.py:188} INFO - [2025-01-14T10:10:23.925+0000] {dag.py:3036} INFO - Sync 1 DAGs
[2025-01-14T10:10:23.951+0000] {logging_mixin.py:188} INFO - [2025-01-14T10:10:23.950+0000] {dag.py:3823} INFO - Setting next_dagrun for load_and_merge_data to 2025-02-01 00:00:00+00:00, run_after=2025-03-01 00:00:00+00:00
[2025-01-14T10:10:23.980+0000] {processor.py:183} INFO - Processing /opt/airflow/dags/load_and_merge_data.py took 0.453 seconds
[2025-01-14T10:10:54.191+0000] {processor.py:161} INFO - Started process (PID=4834) to work on /opt/airflow/dags/load_and_merge_data.py
[2025-01-14T10:10:54.194+0000] {processor.py:830} INFO - Processing file /opt/airflow/dags/load_and_merge_data.py for tasks to queue
[2025-01-14T10:10:54.197+0000] {logging_mixin.py:188} INFO - [2025-01-14T10:10:54.196+0000] {dagbag.py:538} INFO - Filling up the DagBag from /opt/airflow/dags/load_and_merge_data.py
[2025-01-14T10:10:54.473+0000] {processor.py:840} INFO - DAG(s) 'load_and_merge_data' retrieved from /opt/airflow/dags/load_and_merge_data.py
[2025-01-14T10:10:54.613+0000] {logging_mixin.py:188} INFO - [2025-01-14T10:10:54.613+0000] {dag.py:3036} INFO - Sync 1 DAGs
[2025-01-14T10:10:54.639+0000] {logging_mixin.py:188} INFO - [2025-01-14T10:10:54.639+0000] {dag.py:3823} INFO - Setting next_dagrun for load_and_merge_data to 2025-02-01 00:00:00+00:00, run_after=2025-03-01 00:00:00+00:00
[2025-01-14T10:10:54.666+0000] {processor.py:183} INFO - Processing /opt/airflow/dags/load_and_merge_data.py took 0.478 seconds
[2025-01-14T10:11:24.865+0000] {processor.py:161} INFO - Started process (PID=4844) to work on /opt/airflow/dags/load_and_merge_data.py
[2025-01-14T10:11:24.866+0000] {processor.py:830} INFO - Processing file /opt/airflow/dags/load_and_merge_data.py for tasks to queue
[2025-01-14T10:11:24.869+0000] {logging_mixin.py:188} INFO - [2025-01-14T10:11:24.869+0000] {dagbag.py:538} INFO - Filling up the DagBag from /opt/airflow/dags/load_and_merge_data.py
[2025-01-14T10:11:25.159+0000] {processor.py:840} INFO - DAG(s) 'load_and_merge_data' retrieved from /opt/airflow/dags/load_and_merge_data.py
[2025-01-14T10:11:25.257+0000] {logging_mixin.py:188} INFO - [2025-01-14T10:11:25.257+0000] {dag.py:3036} INFO - Sync 1 DAGs
[2025-01-14T10:11:25.283+0000] {logging_mixin.py:188} INFO - [2025-01-14T10:11:25.282+0000] {dag.py:3823} INFO - Setting next_dagrun for load_and_merge_data to 2025-02-01 00:00:00+00:00, run_after=2025-03-01 00:00:00+00:00
[2025-01-14T10:11:25.308+0000] {processor.py:183} INFO - Processing /opt/airflow/dags/load_and_merge_data.py took 0.447 seconds
[2025-01-14T10:11:55.503+0000] {processor.py:161} INFO - Started process (PID=4854) to work on /opt/airflow/dags/load_and_merge_data.py
[2025-01-14T10:11:55.504+0000] {processor.py:830} INFO - Processing file /opt/airflow/dags/load_and_merge_data.py for tasks to queue
[2025-01-14T10:11:55.507+0000] {logging_mixin.py:188} INFO - [2025-01-14T10:11:55.506+0000] {dagbag.py:538} INFO - Filling up the DagBag from /opt/airflow/dags/load_and_merge_data.py
[2025-01-14T10:11:55.825+0000] {processor.py:840} INFO - DAG(s) 'load_and_merge_data' retrieved from /opt/airflow/dags/load_and_merge_data.py
[2025-01-14T10:11:55.932+0000] {logging_mixin.py:188} INFO - [2025-01-14T10:11:55.931+0000] {dag.py:3036} INFO - Sync 1 DAGs
[2025-01-14T10:11:55.955+0000] {logging_mixin.py:188} INFO - [2025-01-14T10:11:55.954+0000] {dag.py:3823} INFO - Setting next_dagrun for load_and_merge_data to 2025-02-01 00:00:00+00:00, run_after=2025-03-01 00:00:00+00:00
[2025-01-14T10:11:55.994+0000] {processor.py:183} INFO - Processing /opt/airflow/dags/load_and_merge_data.py took 0.494 seconds
[2025-01-14T10:12:26.195+0000] {processor.py:161} INFO - Started process (PID=4863) to work on /opt/airflow/dags/load_and_merge_data.py
[2025-01-14T10:12:26.198+0000] {processor.py:830} INFO - Processing file /opt/airflow/dags/load_and_merge_data.py for tasks to queue
[2025-01-14T10:12:26.200+0000] {logging_mixin.py:188} INFO - [2025-01-14T10:12:26.200+0000] {dagbag.py:538} INFO - Filling up the DagBag from /opt/airflow/dags/load_and_merge_data.py
[2025-01-14T10:12:26.547+0000] {processor.py:840} INFO - DAG(s) 'load_and_merge_data' retrieved from /opt/airflow/dags/load_and_merge_data.py
[2025-01-14T10:12:26.661+0000] {logging_mixin.py:188} INFO - [2025-01-14T10:12:26.661+0000] {dag.py:3036} INFO - Sync 1 DAGs
[2025-01-14T10:12:26.690+0000] {logging_mixin.py:188} INFO - [2025-01-14T10:12:26.690+0000] {dag.py:3823} INFO - Setting next_dagrun for load_and_merge_data to 2025-02-01 00:00:00+00:00, run_after=2025-03-01 00:00:00+00:00
[2025-01-14T10:12:26.715+0000] {processor.py:183} INFO - Processing /opt/airflow/dags/load_and_merge_data.py took 0.525 seconds
[2025-01-14T10:12:56.904+0000] {processor.py:161} INFO - Started process (PID=4873) to work on /opt/airflow/dags/load_and_merge_data.py
[2025-01-14T10:12:56.906+0000] {processor.py:830} INFO - Processing file /opt/airflow/dags/load_and_merge_data.py for tasks to queue
[2025-01-14T10:12:56.908+0000] {logging_mixin.py:188} INFO - [2025-01-14T10:12:56.908+0000] {dagbag.py:538} INFO - Filling up the DagBag from /opt/airflow/dags/load_and_merge_data.py
[2025-01-14T10:12:57.222+0000] {processor.py:840} INFO - DAG(s) 'load_and_merge_data' retrieved from /opt/airflow/dags/load_and_merge_data.py
[2025-01-14T10:12:57.346+0000] {logging_mixin.py:188} INFO - [2025-01-14T10:12:57.345+0000] {dag.py:3036} INFO - Sync 1 DAGs
[2025-01-14T10:12:57.379+0000] {logging_mixin.py:188} INFO - [2025-01-14T10:12:57.379+0000] {dag.py:3823} INFO - Setting next_dagrun for load_and_merge_data to 2025-02-01 00:00:00+00:00, run_after=2025-03-01 00:00:00+00:00
[2025-01-14T10:12:57.407+0000] {processor.py:183} INFO - Processing /opt/airflow/dags/load_and_merge_data.py took 0.508 seconds
[2025-01-14T10:13:27.600+0000] {processor.py:161} INFO - Started process (PID=4883) to work on /opt/airflow/dags/load_and_merge_data.py
[2025-01-14T10:13:27.601+0000] {processor.py:830} INFO - Processing file /opt/airflow/dags/load_and_merge_data.py for tasks to queue
[2025-01-14T10:13:27.605+0000] {logging_mixin.py:188} INFO - [2025-01-14T10:13:27.604+0000] {dagbag.py:538} INFO - Filling up the DagBag from /opt/airflow/dags/load_and_merge_data.py
[2025-01-14T10:13:27.923+0000] {processor.py:840} INFO - DAG(s) 'load_and_merge_data' retrieved from /opt/airflow/dags/load_and_merge_data.py
[2025-01-14T10:13:28.044+0000] {logging_mixin.py:188} INFO - [2025-01-14T10:13:28.043+0000] {dag.py:3036} INFO - Sync 1 DAGs
[2025-01-14T10:13:28.070+0000] {logging_mixin.py:188} INFO - [2025-01-14T10:13:28.069+0000] {dag.py:3823} INFO - Setting next_dagrun for load_and_merge_data to 2025-02-01 00:00:00+00:00, run_after=2025-03-01 00:00:00+00:00
[2025-01-14T10:13:28.103+0000] {processor.py:183} INFO - Processing /opt/airflow/dags/load_and_merge_data.py took 0.505 seconds
