[2025-01-13T09:56:02.889+0000] {processor.py:161} INFO - Started process (PID=5340) to work on /opt/airflow/dags/load_and_merge_data.py
[2025-01-13T09:56:02.890+0000] {processor.py:830} INFO - Processing file /opt/airflow/dags/load_and_merge_data.py for tasks to queue
[2025-01-13T09:56:02.892+0000] {logging_mixin.py:188} INFO - [2025-01-13T09:56:02.892+0000] {dagbag.py:538} INFO - Filling up the DagBag from /opt/airflow/dags/load_and_merge_data.py
[2025-01-13T09:56:03.257+0000] {processor.py:840} INFO - DAG(s) 'insert_data' retrieved from /opt/airflow/dags/load_and_merge_data.py
[2025-01-13T09:56:03.370+0000] {logging_mixin.py:188} INFO - [2025-01-13T09:56:03.369+0000] {dag.py:3036} INFO - Sync 1 DAGs
[2025-01-13T09:56:03.383+0000] {logging_mixin.py:188} INFO - [2025-01-13T09:56:03.383+0000] {dag.py:3058} INFO - Creating ORM DAG for insert_data
[2025-01-13T09:56:03.397+0000] {logging_mixin.py:188} INFO - [2025-01-13T09:56:03.397+0000] {dag.py:3823} INFO - Setting next_dagrun for insert_data to 2025-02-01 00:00:00+00:00, run_after=2025-03-01 00:00:00+00:00
[2025-01-13T09:56:03.425+0000] {processor.py:183} INFO - Processing /opt/airflow/dags/load_and_merge_data.py took 0.540 seconds
[2025-01-13T09:56:33.582+0000] {processor.py:161} INFO - Started process (PID=5348) to work on /opt/airflow/dags/load_and_merge_data.py
[2025-01-13T09:56:33.584+0000] {processor.py:830} INFO - Processing file /opt/airflow/dags/load_and_merge_data.py for tasks to queue
[2025-01-13T09:56:33.586+0000] {logging_mixin.py:188} INFO - [2025-01-13T09:56:33.585+0000] {dagbag.py:538} INFO - Filling up the DagBag from /opt/airflow/dags/load_and_merge_data.py
[2025-01-13T09:56:33.891+0000] {processor.py:840} INFO - DAG(s) 'insert_data' retrieved from /opt/airflow/dags/load_and_merge_data.py
[2025-01-13T09:56:34.004+0000] {logging_mixin.py:188} INFO - [2025-01-13T09:56:34.004+0000] {dag.py:3036} INFO - Sync 1 DAGs
[2025-01-13T09:56:34.029+0000] {logging_mixin.py:188} INFO - [2025-01-13T09:56:34.029+0000] {dag.py:3823} INFO - Setting next_dagrun for insert_data to 2025-02-01 00:00:00+00:00, run_after=2025-03-01 00:00:00+00:00
[2025-01-13T09:56:34.051+0000] {processor.py:183} INFO - Processing /opt/airflow/dags/load_and_merge_data.py took 0.472 seconds
[2025-01-13T09:56:54.693+0000] {processor.py:161} INFO - Started process (PID=5356) to work on /opt/airflow/dags/load_and_merge_data.py
[2025-01-13T09:56:54.694+0000] {processor.py:830} INFO - Processing file /opt/airflow/dags/load_and_merge_data.py for tasks to queue
[2025-01-13T09:56:54.696+0000] {logging_mixin.py:188} INFO - [2025-01-13T09:56:54.695+0000] {dagbag.py:538} INFO - Filling up the DagBag from /opt/airflow/dags/load_and_merge_data.py
[2025-01-13T09:56:55.043+0000] {processor.py:840} INFO - DAG(s) 'load_and_merge_data' retrieved from /opt/airflow/dags/load_and_merge_data.py
[2025-01-13T09:56:55.192+0000] {logging_mixin.py:188} INFO - [2025-01-13T09:56:55.191+0000] {override.py:1769} INFO - Created Permission View: can read on DAG:load_and_merge_data
[2025-01-13T09:56:55.205+0000] {logging_mixin.py:188} INFO - [2025-01-13T09:56:55.205+0000] {override.py:1769} INFO - Created Permission View: can delete on DAG:load_and_merge_data
[2025-01-13T09:56:55.213+0000] {logging_mixin.py:188} INFO - [2025-01-13T09:56:55.213+0000] {override.py:1769} INFO - Created Permission View: can edit on DAG:load_and_merge_data
[2025-01-13T09:56:55.216+0000] {logging_mixin.py:188} INFO - [2025-01-13T09:56:55.215+0000] {dag.py:3036} INFO - Sync 1 DAGs
[2025-01-13T09:56:55.238+0000] {logging_mixin.py:188} INFO - [2025-01-13T09:56:55.237+0000] {dag.py:3058} INFO - Creating ORM DAG for load_and_merge_data
[2025-01-13T09:56:55.257+0000] {logging_mixin.py:188} INFO - [2025-01-13T09:56:55.257+0000] {dag.py:3823} INFO - Setting next_dagrun for load_and_merge_data to 2025-02-01 00:00:00+00:00, run_after=2025-03-01 00:00:00+00:00
[2025-01-13T09:56:55.286+0000] {processor.py:183} INFO - Processing /opt/airflow/dags/load_and_merge_data.py took 0.597 seconds
[2025-01-13T09:57:25.335+0000] {processor.py:161} INFO - Started process (PID=5364) to work on /opt/airflow/dags/load_and_merge_data.py
[2025-01-13T09:57:25.338+0000] {processor.py:830} INFO - Processing file /opt/airflow/dags/load_and_merge_data.py for tasks to queue
[2025-01-13T09:57:25.340+0000] {logging_mixin.py:188} INFO - [2025-01-13T09:57:25.340+0000] {dagbag.py:538} INFO - Filling up the DagBag from /opt/airflow/dags/load_and_merge_data.py
[2025-01-13T09:57:25.614+0000] {processor.py:840} INFO - DAG(s) 'load_and_merge_data' retrieved from /opt/airflow/dags/load_and_merge_data.py
[2025-01-13T09:57:25.703+0000] {logging_mixin.py:188} INFO - [2025-01-13T09:57:25.703+0000] {dag.py:3036} INFO - Sync 1 DAGs
[2025-01-13T09:57:25.725+0000] {logging_mixin.py:188} INFO - [2025-01-13T09:57:25.725+0000] {dag.py:3823} INFO - Setting next_dagrun for load_and_merge_data to 2025-02-01 00:00:00+00:00, run_after=2025-03-01 00:00:00+00:00
[2025-01-13T09:57:25.751+0000] {processor.py:183} INFO - Processing /opt/airflow/dags/load_and_merge_data.py took 0.422 seconds
[2025-01-13T09:57:55.912+0000] {processor.py:161} INFO - Started process (PID=5376) to work on /opt/airflow/dags/load_and_merge_data.py
[2025-01-13T09:57:55.914+0000] {processor.py:830} INFO - Processing file /opt/airflow/dags/load_and_merge_data.py for tasks to queue
[2025-01-13T09:57:55.915+0000] {logging_mixin.py:188} INFO - [2025-01-13T09:57:55.915+0000] {dagbag.py:538} INFO - Filling up the DagBag from /opt/airflow/dags/load_and_merge_data.py
[2025-01-13T09:57:56.239+0000] {processor.py:840} INFO - DAG(s) 'load_and_merge_data' retrieved from /opt/airflow/dags/load_and_merge_data.py
[2025-01-13T09:57:56.339+0000] {logging_mixin.py:188} INFO - [2025-01-13T09:57:56.339+0000] {dag.py:3036} INFO - Sync 1 DAGs
[2025-01-13T09:57:56.367+0000] {logging_mixin.py:188} INFO - [2025-01-13T09:57:56.367+0000] {dag.py:3823} INFO - Setting next_dagrun for load_and_merge_data to 2025-02-01 00:00:00+00:00, run_after=2025-03-01 00:00:00+00:00
[2025-01-13T09:57:56.395+0000] {processor.py:183} INFO - Processing /opt/airflow/dags/load_and_merge_data.py took 0.487 seconds
[2025-01-13T09:58:21.048+0000] {processor.py:161} INFO - Started process (PID=5384) to work on /opt/airflow/dags/load_and_merge_data.py
[2025-01-13T09:58:21.049+0000] {processor.py:830} INFO - Processing file /opt/airflow/dags/load_and_merge_data.py for tasks to queue
[2025-01-13T09:58:21.051+0000] {logging_mixin.py:188} INFO - [2025-01-13T09:58:21.050+0000] {dagbag.py:538} INFO - Filling up the DagBag from /opt/airflow/dags/load_and_merge_data.py
[2025-01-13T09:58:21.406+0000] {processor.py:840} INFO - DAG(s) 'load_and_merge_data' retrieved from /opt/airflow/dags/load_and_merge_data.py
[2025-01-13T09:58:21.415+0000] {logging_mixin.py:188} INFO - [2025-01-13T09:58:21.413+0000] {dag.py:3036} INFO - Sync 1 DAGs
[2025-01-13T09:58:21.450+0000] {logging_mixin.py:188} INFO - [2025-01-13T09:58:21.450+0000] {dag.py:3823} INFO - Setting next_dagrun for load_and_merge_data to 2025-02-01 00:00:00+00:00, run_after=2025-03-01 00:00:00+00:00
[2025-01-13T09:58:21.492+0000] {processor.py:183} INFO - Processing /opt/airflow/dags/load_and_merge_data.py took 0.449 seconds
[2025-01-13T09:58:51.687+0000] {processor.py:161} INFO - Started process (PID=5396) to work on /opt/airflow/dags/load_and_merge_data.py
[2025-01-13T09:58:51.688+0000] {processor.py:830} INFO - Processing file /opt/airflow/dags/load_and_merge_data.py for tasks to queue
[2025-01-13T09:58:51.690+0000] {logging_mixin.py:188} INFO - [2025-01-13T09:58:51.690+0000] {dagbag.py:538} INFO - Filling up the DagBag from /opt/airflow/dags/load_and_merge_data.py
[2025-01-13T09:58:52.050+0000] {processor.py:840} INFO - DAG(s) 'load_and_merge_data' retrieved from /opt/airflow/dags/load_and_merge_data.py
[2025-01-13T09:58:52.165+0000] {logging_mixin.py:188} INFO - [2025-01-13T09:58:52.164+0000] {dag.py:3036} INFO - Sync 1 DAGs
[2025-01-13T09:58:52.197+0000] {logging_mixin.py:188} INFO - [2025-01-13T09:58:52.196+0000] {dag.py:3823} INFO - Setting next_dagrun for load_and_merge_data to 2025-02-01 00:00:00+00:00, run_after=2025-03-01 00:00:00+00:00
[2025-01-13T09:58:52.231+0000] {processor.py:183} INFO - Processing /opt/airflow/dags/load_and_merge_data.py took 0.548 seconds
[2025-01-13T09:59:22.363+0000] {processor.py:161} INFO - Started process (PID=5404) to work on /opt/airflow/dags/load_and_merge_data.py
[2025-01-13T09:59:22.364+0000] {processor.py:830} INFO - Processing file /opt/airflow/dags/load_and_merge_data.py for tasks to queue
[2025-01-13T09:59:22.366+0000] {logging_mixin.py:188} INFO - [2025-01-13T09:59:22.365+0000] {dagbag.py:538} INFO - Filling up the DagBag from /opt/airflow/dags/load_and_merge_data.py
[2025-01-13T09:59:22.626+0000] {processor.py:840} INFO - DAG(s) 'load_and_merge_data' retrieved from /opt/airflow/dags/load_and_merge_data.py
[2025-01-13T09:59:22.719+0000] {logging_mixin.py:188} INFO - [2025-01-13T09:59:22.718+0000] {dag.py:3036} INFO - Sync 1 DAGs
[2025-01-13T09:59:22.746+0000] {logging_mixin.py:188} INFO - [2025-01-13T09:59:22.746+0000] {dag.py:3823} INFO - Setting next_dagrun for load_and_merge_data to 2025-02-01 00:00:00+00:00, run_after=2025-03-01 00:00:00+00:00
[2025-01-13T09:59:22.777+0000] {processor.py:183} INFO - Processing /opt/airflow/dags/load_and_merge_data.py took 0.418 seconds
[2025-01-13T09:59:52.945+0000] {processor.py:161} INFO - Started process (PID=5412) to work on /opt/airflow/dags/load_and_merge_data.py
[2025-01-13T09:59:52.946+0000] {processor.py:830} INFO - Processing file /opt/airflow/dags/load_and_merge_data.py for tasks to queue
[2025-01-13T09:59:52.949+0000] {logging_mixin.py:188} INFO - [2025-01-13T09:59:52.948+0000] {dagbag.py:538} INFO - Filling up the DagBag from /opt/airflow/dags/load_and_merge_data.py
[2025-01-13T09:59:53.215+0000] {processor.py:840} INFO - DAG(s) 'load_and_merge_data' retrieved from /opt/airflow/dags/load_and_merge_data.py
[2025-01-13T09:59:53.305+0000] {logging_mixin.py:188} INFO - [2025-01-13T09:59:53.304+0000] {dag.py:3036} INFO - Sync 1 DAGs
[2025-01-13T09:59:53.327+0000] {logging_mixin.py:188} INFO - [2025-01-13T09:59:53.326+0000] {dag.py:3823} INFO - Setting next_dagrun for load_and_merge_data to 2025-02-01 00:00:00+00:00, run_after=2025-03-01 00:00:00+00:00
[2025-01-13T09:59:53.353+0000] {processor.py:183} INFO - Processing /opt/airflow/dags/load_and_merge_data.py took 0.411 seconds
[2025-01-13T10:00:23.532+0000] {processor.py:161} INFO - Started process (PID=5420) to work on /opt/airflow/dags/load_and_merge_data.py
[2025-01-13T10:00:23.534+0000] {processor.py:830} INFO - Processing file /opt/airflow/dags/load_and_merge_data.py for tasks to queue
[2025-01-13T10:00:23.537+0000] {logging_mixin.py:188} INFO - [2025-01-13T10:00:23.536+0000] {dagbag.py:538} INFO - Filling up the DagBag from /opt/airflow/dags/load_and_merge_data.py
[2025-01-13T10:00:23.854+0000] {processor.py:840} INFO - DAG(s) 'load_and_merge_data' retrieved from /opt/airflow/dags/load_and_merge_data.py
[2025-01-13T10:00:23.959+0000] {logging_mixin.py:188} INFO - [2025-01-13T10:00:23.958+0000] {dag.py:3036} INFO - Sync 1 DAGs
[2025-01-13T10:00:23.983+0000] {logging_mixin.py:188} INFO - [2025-01-13T10:00:23.982+0000] {dag.py:3823} INFO - Setting next_dagrun for load_and_merge_data to 2025-02-01 00:00:00+00:00, run_after=2025-03-01 00:00:00+00:00
[2025-01-13T10:00:24.007+0000] {processor.py:183} INFO - Processing /opt/airflow/dags/load_and_merge_data.py took 0.479 seconds
[2025-01-13T10:00:54.186+0000] {processor.py:161} INFO - Started process (PID=5428) to work on /opt/airflow/dags/load_and_merge_data.py
[2025-01-13T10:00:54.187+0000] {processor.py:830} INFO - Processing file /opt/airflow/dags/load_and_merge_data.py for tasks to queue
[2025-01-13T10:00:54.189+0000] {logging_mixin.py:188} INFO - [2025-01-13T10:00:54.188+0000] {dagbag.py:538} INFO - Filling up the DagBag from /opt/airflow/dags/load_and_merge_data.py
[2025-01-13T10:00:54.472+0000] {processor.py:840} INFO - DAG(s) 'load_and_merge_data' retrieved from /opt/airflow/dags/load_and_merge_data.py
[2025-01-13T10:00:54.564+0000] {logging_mixin.py:188} INFO - [2025-01-13T10:00:54.564+0000] {dag.py:3036} INFO - Sync 1 DAGs
[2025-01-13T10:00:54.585+0000] {logging_mixin.py:188} INFO - [2025-01-13T10:00:54.585+0000] {dag.py:3823} INFO - Setting next_dagrun for load_and_merge_data to 2025-02-01 00:00:00+00:00, run_after=2025-03-01 00:00:00+00:00
[2025-01-13T10:00:54.608+0000] {processor.py:183} INFO - Processing /opt/airflow/dags/load_and_merge_data.py took 0.426 seconds
[2025-01-13T10:01:24.775+0000] {processor.py:161} INFO - Started process (PID=5436) to work on /opt/airflow/dags/load_and_merge_data.py
[2025-01-13T10:01:24.777+0000] {processor.py:830} INFO - Processing file /opt/airflow/dags/load_and_merge_data.py for tasks to queue
[2025-01-13T10:01:24.778+0000] {logging_mixin.py:188} INFO - [2025-01-13T10:01:24.778+0000] {dagbag.py:538} INFO - Filling up the DagBag from /opt/airflow/dags/load_and_merge_data.py
[2025-01-13T10:01:25.058+0000] {processor.py:840} INFO - DAG(s) 'load_and_merge_data' retrieved from /opt/airflow/dags/load_and_merge_data.py
[2025-01-13T10:01:25.164+0000] {logging_mixin.py:188} INFO - [2025-01-13T10:01:25.163+0000] {dag.py:3036} INFO - Sync 1 DAGs
[2025-01-13T10:01:25.189+0000] {logging_mixin.py:188} INFO - [2025-01-13T10:01:25.189+0000] {dag.py:3823} INFO - Setting next_dagrun for load_and_merge_data to 2025-02-01 00:00:00+00:00, run_after=2025-03-01 00:00:00+00:00
[2025-01-13T10:01:25.212+0000] {processor.py:183} INFO - Processing /opt/airflow/dags/load_and_merge_data.py took 0.441 seconds
[2025-01-13T10:01:55.385+0000] {processor.py:161} INFO - Started process (PID=5444) to work on /opt/airflow/dags/load_and_merge_data.py
[2025-01-13T10:01:55.386+0000] {processor.py:830} INFO - Processing file /opt/airflow/dags/load_and_merge_data.py for tasks to queue
[2025-01-13T10:01:55.388+0000] {logging_mixin.py:188} INFO - [2025-01-13T10:01:55.387+0000] {dagbag.py:538} INFO - Filling up the DagBag from /opt/airflow/dags/load_and_merge_data.py
[2025-01-13T10:01:55.667+0000] {processor.py:840} INFO - DAG(s) 'load_and_merge_data' retrieved from /opt/airflow/dags/load_and_merge_data.py
[2025-01-13T10:01:55.763+0000] {logging_mixin.py:188} INFO - [2025-01-13T10:01:55.763+0000] {dag.py:3036} INFO - Sync 1 DAGs
[2025-01-13T10:01:55.785+0000] {logging_mixin.py:188} INFO - [2025-01-13T10:01:55.785+0000] {dag.py:3823} INFO - Setting next_dagrun for load_and_merge_data to 2025-02-01 00:00:00+00:00, run_after=2025-03-01 00:00:00+00:00
[2025-01-13T10:01:55.811+0000] {processor.py:183} INFO - Processing /opt/airflow/dags/load_and_merge_data.py took 0.429 seconds
[2025-01-13T10:02:25.990+0000] {processor.py:161} INFO - Started process (PID=5452) to work on /opt/airflow/dags/load_and_merge_data.py
[2025-01-13T10:02:25.992+0000] {processor.py:830} INFO - Processing file /opt/airflow/dags/load_and_merge_data.py for tasks to queue
[2025-01-13T10:02:25.993+0000] {logging_mixin.py:188} INFO - [2025-01-13T10:02:25.993+0000] {dagbag.py:538} INFO - Filling up the DagBag from /opt/airflow/dags/load_and_merge_data.py
[2025-01-13T10:02:26.279+0000] {processor.py:840} INFO - DAG(s) 'load_and_merge_data' retrieved from /opt/airflow/dags/load_and_merge_data.py
[2025-01-13T10:02:26.374+0000] {logging_mixin.py:188} INFO - [2025-01-13T10:02:26.373+0000] {dag.py:3036} INFO - Sync 1 DAGs
[2025-01-13T10:02:26.399+0000] {logging_mixin.py:188} INFO - [2025-01-13T10:02:26.398+0000] {dag.py:3823} INFO - Setting next_dagrun for load_and_merge_data to 2025-02-01 00:00:00+00:00, run_after=2025-03-01 00:00:00+00:00
[2025-01-13T10:02:26.419+0000] {processor.py:183} INFO - Processing /opt/airflow/dags/load_and_merge_data.py took 0.433 seconds
[2025-01-13T10:02:56.599+0000] {processor.py:161} INFO - Started process (PID=5460) to work on /opt/airflow/dags/load_and_merge_data.py
[2025-01-13T10:02:56.601+0000] {processor.py:830} INFO - Processing file /opt/airflow/dags/load_and_merge_data.py for tasks to queue
[2025-01-13T10:02:56.603+0000] {logging_mixin.py:188} INFO - [2025-01-13T10:02:56.602+0000] {dagbag.py:538} INFO - Filling up the DagBag from /opt/airflow/dags/load_and_merge_data.py
[2025-01-13T10:02:56.904+0000] {processor.py:840} INFO - DAG(s) 'load_and_merge_data' retrieved from /opt/airflow/dags/load_and_merge_data.py
[2025-01-13T10:02:56.999+0000] {logging_mixin.py:188} INFO - [2025-01-13T10:02:56.999+0000] {dag.py:3036} INFO - Sync 1 DAGs
[2025-01-13T10:02:57.023+0000] {logging_mixin.py:188} INFO - [2025-01-13T10:02:57.023+0000] {dag.py:3823} INFO - Setting next_dagrun for load_and_merge_data to 2025-02-01 00:00:00+00:00, run_after=2025-03-01 00:00:00+00:00
[2025-01-13T10:02:57.050+0000] {processor.py:183} INFO - Processing /opt/airflow/dags/load_and_merge_data.py took 0.456 seconds
[2025-01-13T10:03:27.217+0000] {processor.py:161} INFO - Started process (PID=5468) to work on /opt/airflow/dags/load_and_merge_data.py
[2025-01-13T10:03:27.219+0000] {processor.py:830} INFO - Processing file /opt/airflow/dags/load_and_merge_data.py for tasks to queue
[2025-01-13T10:03:27.220+0000] {logging_mixin.py:188} INFO - [2025-01-13T10:03:27.219+0000] {dagbag.py:538} INFO - Filling up the DagBag from /opt/airflow/dags/load_and_merge_data.py
[2025-01-13T10:03:27.493+0000] {processor.py:840} INFO - DAG(s) 'load_and_merge_data' retrieved from /opt/airflow/dags/load_and_merge_data.py
[2025-01-13T10:03:27.602+0000] {logging_mixin.py:188} INFO - [2025-01-13T10:03:27.601+0000] {dag.py:3036} INFO - Sync 1 DAGs
[2025-01-13T10:03:27.625+0000] {logging_mixin.py:188} INFO - [2025-01-13T10:03:27.624+0000] {dag.py:3823} INFO - Setting next_dagrun for load_and_merge_data to 2025-02-01 00:00:00+00:00, run_after=2025-03-01 00:00:00+00:00
[2025-01-13T10:03:27.646+0000] {processor.py:183} INFO - Processing /opt/airflow/dags/load_and_merge_data.py took 0.433 seconds
[2025-01-13T10:03:57.816+0000] {processor.py:161} INFO - Started process (PID=5476) to work on /opt/airflow/dags/load_and_merge_data.py
[2025-01-13T10:03:57.818+0000] {processor.py:830} INFO - Processing file /opt/airflow/dags/load_and_merge_data.py for tasks to queue
[2025-01-13T10:03:57.819+0000] {logging_mixin.py:188} INFO - [2025-01-13T10:03:57.819+0000] {dagbag.py:538} INFO - Filling up the DagBag from /opt/airflow/dags/load_and_merge_data.py
[2025-01-13T10:03:58.087+0000] {processor.py:840} INFO - DAG(s) 'load_and_merge_data' retrieved from /opt/airflow/dags/load_and_merge_data.py
[2025-01-13T10:03:58.181+0000] {logging_mixin.py:188} INFO - [2025-01-13T10:03:58.181+0000] {dag.py:3036} INFO - Sync 1 DAGs
[2025-01-13T10:03:58.202+0000] {logging_mixin.py:188} INFO - [2025-01-13T10:03:58.202+0000] {dag.py:3823} INFO - Setting next_dagrun for load_and_merge_data to 2025-02-01 00:00:00+00:00, run_after=2025-03-01 00:00:00+00:00
[2025-01-13T10:03:58.225+0000] {processor.py:183} INFO - Processing /opt/airflow/dags/load_and_merge_data.py took 0.412 seconds
[2025-01-13T10:04:28.391+0000] {processor.py:161} INFO - Started process (PID=5484) to work on /opt/airflow/dags/load_and_merge_data.py
[2025-01-13T10:04:28.393+0000] {processor.py:830} INFO - Processing file /opt/airflow/dags/load_and_merge_data.py for tasks to queue
[2025-01-13T10:04:28.394+0000] {logging_mixin.py:188} INFO - [2025-01-13T10:04:28.394+0000] {dagbag.py:538} INFO - Filling up the DagBag from /opt/airflow/dags/load_and_merge_data.py
[2025-01-13T10:04:28.654+0000] {processor.py:840} INFO - DAG(s) 'load_and_merge_data' retrieved from /opt/airflow/dags/load_and_merge_data.py
[2025-01-13T10:04:28.745+0000] {logging_mixin.py:188} INFO - [2025-01-13T10:04:28.744+0000] {dag.py:3036} INFO - Sync 1 DAGs
[2025-01-13T10:04:28.766+0000] {logging_mixin.py:188} INFO - [2025-01-13T10:04:28.765+0000] {dag.py:3823} INFO - Setting next_dagrun for load_and_merge_data to 2025-02-01 00:00:00+00:00, run_after=2025-03-01 00:00:00+00:00
[2025-01-13T10:04:28.790+0000] {processor.py:183} INFO - Processing /opt/airflow/dags/load_and_merge_data.py took 0.403 seconds
[2025-01-13T10:04:58.957+0000] {processor.py:161} INFO - Started process (PID=5492) to work on /opt/airflow/dags/load_and_merge_data.py
[2025-01-13T10:04:58.958+0000] {processor.py:830} INFO - Processing file /opt/airflow/dags/load_and_merge_data.py for tasks to queue
[2025-01-13T10:04:58.960+0000] {logging_mixin.py:188} INFO - [2025-01-13T10:04:58.959+0000] {dagbag.py:538} INFO - Filling up the DagBag from /opt/airflow/dags/load_and_merge_data.py
[2025-01-13T10:04:59.229+0000] {processor.py:840} INFO - DAG(s) 'load_and_merge_data' retrieved from /opt/airflow/dags/load_and_merge_data.py
[2025-01-13T10:04:59.324+0000] {logging_mixin.py:188} INFO - [2025-01-13T10:04:59.324+0000] {dag.py:3036} INFO - Sync 1 DAGs
[2025-01-13T10:04:59.348+0000] {logging_mixin.py:188} INFO - [2025-01-13T10:04:59.348+0000] {dag.py:3823} INFO - Setting next_dagrun for load_and_merge_data to 2025-02-01 00:00:00+00:00, run_after=2025-03-01 00:00:00+00:00
[2025-01-13T10:04:59.373+0000] {processor.py:183} INFO - Processing /opt/airflow/dags/load_and_merge_data.py took 0.420 seconds
[2025-01-13T10:05:29.544+0000] {processor.py:161} INFO - Started process (PID=5500) to work on /opt/airflow/dags/load_and_merge_data.py
[2025-01-13T10:05:29.545+0000] {processor.py:830} INFO - Processing file /opt/airflow/dags/load_and_merge_data.py for tasks to queue
[2025-01-13T10:05:29.547+0000] {logging_mixin.py:188} INFO - [2025-01-13T10:05:29.546+0000] {dagbag.py:538} INFO - Filling up the DagBag from /opt/airflow/dags/load_and_merge_data.py
[2025-01-13T10:05:29.843+0000] {processor.py:840} INFO - DAG(s) 'load_and_merge_data' retrieved from /opt/airflow/dags/load_and_merge_data.py
[2025-01-13T10:05:29.946+0000] {logging_mixin.py:188} INFO - [2025-01-13T10:05:29.945+0000] {dag.py:3036} INFO - Sync 1 DAGs
[2025-01-13T10:05:29.970+0000] {logging_mixin.py:188} INFO - [2025-01-13T10:05:29.969+0000] {dag.py:3823} INFO - Setting next_dagrun for load_and_merge_data to 2025-02-01 00:00:00+00:00, run_after=2025-03-01 00:00:00+00:00
[2025-01-13T10:05:29.994+0000] {processor.py:183} INFO - Processing /opt/airflow/dags/load_and_merge_data.py took 0.453 seconds
[2025-01-13T10:06:00.167+0000] {processor.py:161} INFO - Started process (PID=5508) to work on /opt/airflow/dags/load_and_merge_data.py
[2025-01-13T10:06:00.168+0000] {processor.py:830} INFO - Processing file /opt/airflow/dags/load_and_merge_data.py for tasks to queue
[2025-01-13T10:06:00.170+0000] {logging_mixin.py:188} INFO - [2025-01-13T10:06:00.169+0000] {dagbag.py:538} INFO - Filling up the DagBag from /opt/airflow/dags/load_and_merge_data.py
[2025-01-13T10:06:00.470+0000] {processor.py:840} INFO - DAG(s) 'load_and_merge_data' retrieved from /opt/airflow/dags/load_and_merge_data.py
[2025-01-13T10:06:00.573+0000] {logging_mixin.py:188} INFO - [2025-01-13T10:06:00.572+0000] {dag.py:3036} INFO - Sync 1 DAGs
[2025-01-13T10:06:00.597+0000] {logging_mixin.py:188} INFO - [2025-01-13T10:06:00.597+0000] {dag.py:3823} INFO - Setting next_dagrun for load_and_merge_data to 2025-02-01 00:00:00+00:00, run_after=2025-03-01 00:00:00+00:00
[2025-01-13T10:06:00.619+0000] {processor.py:183} INFO - Processing /opt/airflow/dags/load_and_merge_data.py took 0.456 seconds
[2025-01-13T10:06:30.801+0000] {processor.py:161} INFO - Started process (PID=5516) to work on /opt/airflow/dags/load_and_merge_data.py
[2025-01-13T10:06:30.802+0000] {processor.py:830} INFO - Processing file /opt/airflow/dags/load_and_merge_data.py for tasks to queue
[2025-01-13T10:06:30.803+0000] {logging_mixin.py:188} INFO - [2025-01-13T10:06:30.803+0000] {dagbag.py:538} INFO - Filling up the DagBag from /opt/airflow/dags/load_and_merge_data.py
[2025-01-13T10:06:31.089+0000] {processor.py:840} INFO - DAG(s) 'load_and_merge_data' retrieved from /opt/airflow/dags/load_and_merge_data.py
[2025-01-13T10:06:31.187+0000] {logging_mixin.py:188} INFO - [2025-01-13T10:06:31.186+0000] {dag.py:3036} INFO - Sync 1 DAGs
[2025-01-13T10:06:31.209+0000] {logging_mixin.py:188} INFO - [2025-01-13T10:06:31.208+0000] {dag.py:3823} INFO - Setting next_dagrun for load_and_merge_data to 2025-02-01 00:00:00+00:00, run_after=2025-03-01 00:00:00+00:00
[2025-01-13T10:06:31.233+0000] {processor.py:183} INFO - Processing /opt/airflow/dags/load_and_merge_data.py took 0.436 seconds
[2025-01-13T10:07:01.400+0000] {processor.py:161} INFO - Started process (PID=5524) to work on /opt/airflow/dags/load_and_merge_data.py
[2025-01-13T10:07:01.402+0000] {processor.py:830} INFO - Processing file /opt/airflow/dags/load_and_merge_data.py for tasks to queue
[2025-01-13T10:07:01.404+0000] {logging_mixin.py:188} INFO - [2025-01-13T10:07:01.404+0000] {dagbag.py:538} INFO - Filling up the DagBag from /opt/airflow/dags/load_and_merge_data.py
[2025-01-13T10:07:01.713+0000] {processor.py:840} INFO - DAG(s) 'load_and_merge_data' retrieved from /opt/airflow/dags/load_and_merge_data.py
[2025-01-13T10:07:01.820+0000] {logging_mixin.py:188} INFO - [2025-01-13T10:07:01.820+0000] {dag.py:3036} INFO - Sync 1 DAGs
[2025-01-13T10:07:01.845+0000] {logging_mixin.py:188} INFO - [2025-01-13T10:07:01.844+0000] {dag.py:3823} INFO - Setting next_dagrun for load_and_merge_data to 2025-02-01 00:00:00+00:00, run_after=2025-03-01 00:00:00+00:00
[2025-01-13T10:07:01.870+0000] {processor.py:183} INFO - Processing /opt/airflow/dags/load_and_merge_data.py took 0.475 seconds
[2025-01-13T10:07:32.045+0000] {processor.py:161} INFO - Started process (PID=5532) to work on /opt/airflow/dags/load_and_merge_data.py
[2025-01-13T10:07:32.047+0000] {processor.py:830} INFO - Processing file /opt/airflow/dags/load_and_merge_data.py for tasks to queue
[2025-01-13T10:07:32.049+0000] {logging_mixin.py:188} INFO - [2025-01-13T10:07:32.049+0000] {dagbag.py:538} INFO - Filling up the DagBag from /opt/airflow/dags/load_and_merge_data.py
[2025-01-13T10:07:32.357+0000] {processor.py:840} INFO - DAG(s) 'load_and_merge_data' retrieved from /opt/airflow/dags/load_and_merge_data.py
[2025-01-13T10:07:32.473+0000] {logging_mixin.py:188} INFO - [2025-01-13T10:07:32.472+0000] {dag.py:3036} INFO - Sync 1 DAGs
[2025-01-13T10:07:32.499+0000] {logging_mixin.py:188} INFO - [2025-01-13T10:07:32.498+0000] {dag.py:3823} INFO - Setting next_dagrun for load_and_merge_data to 2025-02-01 00:00:00+00:00, run_after=2025-03-01 00:00:00+00:00
[2025-01-13T10:07:32.520+0000] {processor.py:183} INFO - Processing /opt/airflow/dags/load_and_merge_data.py took 0.479 seconds
[2025-01-13T10:08:02.690+0000] {processor.py:161} INFO - Started process (PID=5540) to work on /opt/airflow/dags/load_and_merge_data.py
[2025-01-13T10:08:02.692+0000] {processor.py:830} INFO - Processing file /opt/airflow/dags/load_and_merge_data.py for tasks to queue
[2025-01-13T10:08:02.694+0000] {logging_mixin.py:188} INFO - [2025-01-13T10:08:02.693+0000] {dagbag.py:538} INFO - Filling up the DagBag from /opt/airflow/dags/load_and_merge_data.py
[2025-01-13T10:08:02.976+0000] {processor.py:840} INFO - DAG(s) 'load_and_merge_data' retrieved from /opt/airflow/dags/load_and_merge_data.py
[2025-01-13T10:08:03.074+0000] {logging_mixin.py:188} INFO - [2025-01-13T10:08:03.074+0000] {dag.py:3036} INFO - Sync 1 DAGs
[2025-01-13T10:08:03.098+0000] {logging_mixin.py:188} INFO - [2025-01-13T10:08:03.098+0000] {dag.py:3823} INFO - Setting next_dagrun for load_and_merge_data to 2025-02-01 00:00:00+00:00, run_after=2025-03-01 00:00:00+00:00
[2025-01-13T10:08:03.120+0000] {processor.py:183} INFO - Processing /opt/airflow/dags/load_and_merge_data.py took 0.433 seconds
[2025-01-13T10:08:33.281+0000] {processor.py:161} INFO - Started process (PID=5548) to work on /opt/airflow/dags/load_and_merge_data.py
[2025-01-13T10:08:33.282+0000] {processor.py:830} INFO - Processing file /opt/airflow/dags/load_and_merge_data.py for tasks to queue
[2025-01-13T10:08:33.284+0000] {logging_mixin.py:188} INFO - [2025-01-13T10:08:33.284+0000] {dagbag.py:538} INFO - Filling up the DagBag from /opt/airflow/dags/load_and_merge_data.py
[2025-01-13T10:08:33.558+0000] {processor.py:840} INFO - DAG(s) 'load_and_merge_data' retrieved from /opt/airflow/dags/load_and_merge_data.py
[2025-01-13T10:08:33.654+0000] {logging_mixin.py:188} INFO - [2025-01-13T10:08:33.653+0000] {dag.py:3036} INFO - Sync 1 DAGs
[2025-01-13T10:08:33.676+0000] {logging_mixin.py:188} INFO - [2025-01-13T10:08:33.676+0000] {dag.py:3823} INFO - Setting next_dagrun for load_and_merge_data to 2025-02-01 00:00:00+00:00, run_after=2025-03-01 00:00:00+00:00
[2025-01-13T10:08:33.699+0000] {processor.py:183} INFO - Processing /opt/airflow/dags/load_and_merge_data.py took 0.421 seconds
[2025-01-13T10:09:03.870+0000] {processor.py:161} INFO - Started process (PID=5556) to work on /opt/airflow/dags/load_and_merge_data.py
[2025-01-13T10:09:03.871+0000] {processor.py:830} INFO - Processing file /opt/airflow/dags/load_and_merge_data.py for tasks to queue
[2025-01-13T10:09:03.873+0000] {logging_mixin.py:188} INFO - [2025-01-13T10:09:03.872+0000] {dagbag.py:538} INFO - Filling up the DagBag from /opt/airflow/dags/load_and_merge_data.py
[2025-01-13T10:09:04.148+0000] {processor.py:840} INFO - DAG(s) 'load_and_merge_data' retrieved from /opt/airflow/dags/load_and_merge_data.py
[2025-01-13T10:09:04.245+0000] {logging_mixin.py:188} INFO - [2025-01-13T10:09:04.245+0000] {dag.py:3036} INFO - Sync 1 DAGs
[2025-01-13T10:09:04.266+0000] {logging_mixin.py:188} INFO - [2025-01-13T10:09:04.266+0000] {dag.py:3823} INFO - Setting next_dagrun for load_and_merge_data to 2025-02-01 00:00:00+00:00, run_after=2025-03-01 00:00:00+00:00
[2025-01-13T10:09:04.291+0000] {processor.py:183} INFO - Processing /opt/airflow/dags/load_and_merge_data.py took 0.425 seconds
[2025-01-13T10:09:34.458+0000] {processor.py:161} INFO - Started process (PID=5564) to work on /opt/airflow/dags/load_and_merge_data.py
[2025-01-13T10:09:34.459+0000] {processor.py:830} INFO - Processing file /opt/airflow/dags/load_and_merge_data.py for tasks to queue
[2025-01-13T10:09:34.461+0000] {logging_mixin.py:188} INFO - [2025-01-13T10:09:34.460+0000] {dagbag.py:538} INFO - Filling up the DagBag from /opt/airflow/dags/load_and_merge_data.py
[2025-01-13T10:09:34.750+0000] {processor.py:840} INFO - DAG(s) 'load_and_merge_data' retrieved from /opt/airflow/dags/load_and_merge_data.py
[2025-01-13T10:09:34.848+0000] {logging_mixin.py:188} INFO - [2025-01-13T10:09:34.847+0000] {dag.py:3036} INFO - Sync 1 DAGs
[2025-01-13T10:09:34.872+0000] {logging_mixin.py:188} INFO - [2025-01-13T10:09:34.872+0000] {dag.py:3823} INFO - Setting next_dagrun for load_and_merge_data to 2025-02-01 00:00:00+00:00, run_after=2025-03-01 00:00:00+00:00
[2025-01-13T10:09:34.896+0000] {processor.py:183} INFO - Processing /opt/airflow/dags/load_and_merge_data.py took 0.441 seconds
[2025-01-13T10:10:05.080+0000] {processor.py:161} INFO - Started process (PID=5572) to work on /opt/airflow/dags/load_and_merge_data.py
[2025-01-13T10:10:05.081+0000] {processor.py:830} INFO - Processing file /opt/airflow/dags/load_and_merge_data.py for tasks to queue
[2025-01-13T10:10:05.083+0000] {logging_mixin.py:188} INFO - [2025-01-13T10:10:05.082+0000] {dagbag.py:538} INFO - Filling up the DagBag from /opt/airflow/dags/load_and_merge_data.py
[2025-01-13T10:10:05.364+0000] {processor.py:840} INFO - DAG(s) 'load_and_merge_data' retrieved from /opt/airflow/dags/load_and_merge_data.py
[2025-01-13T10:10:05.490+0000] {logging_mixin.py:188} INFO - [2025-01-13T10:10:05.489+0000] {dag.py:3036} INFO - Sync 1 DAGs
[2025-01-13T10:10:05.522+0000] {logging_mixin.py:188} INFO - [2025-01-13T10:10:05.522+0000] {dag.py:3823} INFO - Setting next_dagrun for load_and_merge_data to 2025-02-01 00:00:00+00:00, run_after=2025-03-01 00:00:00+00:00
[2025-01-13T10:10:05.552+0000] {processor.py:183} INFO - Processing /opt/airflow/dags/load_and_merge_data.py took 0.475 seconds
[2025-01-13T10:10:35.727+0000] {processor.py:161} INFO - Started process (PID=5580) to work on /opt/airflow/dags/load_and_merge_data.py
[2025-01-13T10:10:35.728+0000] {processor.py:830} INFO - Processing file /opt/airflow/dags/load_and_merge_data.py for tasks to queue
[2025-01-13T10:10:35.730+0000] {logging_mixin.py:188} INFO - [2025-01-13T10:10:35.729+0000] {dagbag.py:538} INFO - Filling up the DagBag from /opt/airflow/dags/load_and_merge_data.py
[2025-01-13T10:10:36.030+0000] {processor.py:840} INFO - DAG(s) 'load_and_merge_data' retrieved from /opt/airflow/dags/load_and_merge_data.py
[2025-01-13T10:10:36.135+0000] {logging_mixin.py:188} INFO - [2025-01-13T10:10:36.135+0000] {dag.py:3036} INFO - Sync 1 DAGs
[2025-01-13T10:10:36.161+0000] {logging_mixin.py:188} INFO - [2025-01-13T10:10:36.161+0000] {dag.py:3823} INFO - Setting next_dagrun for load_and_merge_data to 2025-02-01 00:00:00+00:00, run_after=2025-03-01 00:00:00+00:00
[2025-01-13T10:10:36.185+0000] {processor.py:183} INFO - Processing /opt/airflow/dags/load_and_merge_data.py took 0.463 seconds
[2025-01-13T10:11:06.349+0000] {processor.py:161} INFO - Started process (PID=5588) to work on /opt/airflow/dags/load_and_merge_data.py
[2025-01-13T10:11:06.350+0000] {processor.py:830} INFO - Processing file /opt/airflow/dags/load_and_merge_data.py for tasks to queue
[2025-01-13T10:11:06.352+0000] {logging_mixin.py:188} INFO - [2025-01-13T10:11:06.352+0000] {dagbag.py:538} INFO - Filling up the DagBag from /opt/airflow/dags/load_and_merge_data.py
[2025-01-13T10:11:06.612+0000] {processor.py:840} INFO - DAG(s) 'load_and_merge_data' retrieved from /opt/airflow/dags/load_and_merge_data.py
[2025-01-13T10:11:06.705+0000] {logging_mixin.py:188} INFO - [2025-01-13T10:11:06.704+0000] {dag.py:3036} INFO - Sync 1 DAGs
[2025-01-13T10:11:06.727+0000] {logging_mixin.py:188} INFO - [2025-01-13T10:11:06.726+0000] {dag.py:3823} INFO - Setting next_dagrun for load_and_merge_data to 2025-02-01 00:00:00+00:00, run_after=2025-03-01 00:00:00+00:00
[2025-01-13T10:11:06.753+0000] {processor.py:183} INFO - Processing /opt/airflow/dags/load_and_merge_data.py took 0.408 seconds
[2025-01-13T10:11:36.921+0000] {processor.py:161} INFO - Started process (PID=5595) to work on /opt/airflow/dags/load_and_merge_data.py
[2025-01-13T10:11:36.923+0000] {processor.py:830} INFO - Processing file /opt/airflow/dags/load_and_merge_data.py for tasks to queue
[2025-01-13T10:11:36.924+0000] {logging_mixin.py:188} INFO - [2025-01-13T10:11:36.924+0000] {dagbag.py:538} INFO - Filling up the DagBag from /opt/airflow/dags/load_and_merge_data.py
[2025-01-13T10:11:37.223+0000] {processor.py:840} INFO - DAG(s) 'load_and_merge_data' retrieved from /opt/airflow/dags/load_and_merge_data.py
[2025-01-13T10:11:37.336+0000] {logging_mixin.py:188} INFO - [2025-01-13T10:11:37.335+0000] {dag.py:3036} INFO - Sync 1 DAGs
[2025-01-13T10:11:37.360+0000] {logging_mixin.py:188} INFO - [2025-01-13T10:11:37.360+0000] {dag.py:3823} INFO - Setting next_dagrun for load_and_merge_data to 2025-02-01 00:00:00+00:00, run_after=2025-03-01 00:00:00+00:00
[2025-01-13T10:11:37.385+0000] {processor.py:183} INFO - Processing /opt/airflow/dags/load_and_merge_data.py took 0.468 seconds
[2025-01-13T10:12:07.551+0000] {processor.py:161} INFO - Started process (PID=5603) to work on /opt/airflow/dags/load_and_merge_data.py
[2025-01-13T10:12:07.552+0000] {processor.py:830} INFO - Processing file /opt/airflow/dags/load_and_merge_data.py for tasks to queue
[2025-01-13T10:12:07.554+0000] {logging_mixin.py:188} INFO - [2025-01-13T10:12:07.554+0000] {dagbag.py:538} INFO - Filling up the DagBag from /opt/airflow/dags/load_and_merge_data.py
[2025-01-13T10:12:07.852+0000] {processor.py:840} INFO - DAG(s) 'load_and_merge_data' retrieved from /opt/airflow/dags/load_and_merge_data.py
[2025-01-13T10:12:07.945+0000] {logging_mixin.py:188} INFO - [2025-01-13T10:12:07.945+0000] {dag.py:3036} INFO - Sync 1 DAGs
[2025-01-13T10:12:07.968+0000] {logging_mixin.py:188} INFO - [2025-01-13T10:12:07.967+0000] {dag.py:3823} INFO - Setting next_dagrun for load_and_merge_data to 2025-02-01 00:00:00+00:00, run_after=2025-03-01 00:00:00+00:00
[2025-01-13T10:12:07.993+0000] {processor.py:183} INFO - Processing /opt/airflow/dags/load_and_merge_data.py took 0.447 seconds
[2025-01-13T10:12:38.162+0000] {processor.py:161} INFO - Started process (PID=5611) to work on /opt/airflow/dags/load_and_merge_data.py
[2025-01-13T10:12:38.164+0000] {processor.py:830} INFO - Processing file /opt/airflow/dags/load_and_merge_data.py for tasks to queue
[2025-01-13T10:12:38.165+0000] {logging_mixin.py:188} INFO - [2025-01-13T10:12:38.165+0000] {dagbag.py:538} INFO - Filling up the DagBag from /opt/airflow/dags/load_and_merge_data.py
[2025-01-13T10:12:38.463+0000] {processor.py:840} INFO - DAG(s) 'load_and_merge_data' retrieved from /opt/airflow/dags/load_and_merge_data.py
[2025-01-13T10:12:38.560+0000] {logging_mixin.py:188} INFO - [2025-01-13T10:12:38.560+0000] {dag.py:3036} INFO - Sync 1 DAGs
[2025-01-13T10:12:38.584+0000] {logging_mixin.py:188} INFO - [2025-01-13T10:12:38.584+0000] {dag.py:3823} INFO - Setting next_dagrun for load_and_merge_data to 2025-02-01 00:00:00+00:00, run_after=2025-03-01 00:00:00+00:00
[2025-01-13T10:12:38.609+0000] {processor.py:183} INFO - Processing /opt/airflow/dags/load_and_merge_data.py took 0.450 seconds
[2025-01-13T10:13:08.782+0000] {processor.py:161} INFO - Started process (PID=5619) to work on /opt/airflow/dags/load_and_merge_data.py
[2025-01-13T10:13:08.783+0000] {processor.py:830} INFO - Processing file /opt/airflow/dags/load_and_merge_data.py for tasks to queue
[2025-01-13T10:13:08.786+0000] {logging_mixin.py:188} INFO - [2025-01-13T10:13:08.785+0000] {dagbag.py:538} INFO - Filling up the DagBag from /opt/airflow/dags/load_and_merge_data.py
[2025-01-13T10:13:09.065+0000] {processor.py:840} INFO - DAG(s) 'load_and_merge_data' retrieved from /opt/airflow/dags/load_and_merge_data.py
[2025-01-13T10:13:09.166+0000] {logging_mixin.py:188} INFO - [2025-01-13T10:13:09.165+0000] {dag.py:3036} INFO - Sync 1 DAGs
[2025-01-13T10:13:09.192+0000] {logging_mixin.py:188} INFO - [2025-01-13T10:13:09.191+0000] {dag.py:3823} INFO - Setting next_dagrun for load_and_merge_data to 2025-02-01 00:00:00+00:00, run_after=2025-03-01 00:00:00+00:00
[2025-01-13T10:13:09.214+0000] {processor.py:183} INFO - Processing /opt/airflow/dags/load_and_merge_data.py took 0.436 seconds
[2025-01-13T10:13:39.384+0000] {processor.py:161} INFO - Started process (PID=5627) to work on /opt/airflow/dags/load_and_merge_data.py
[2025-01-13T10:13:39.385+0000] {processor.py:830} INFO - Processing file /opt/airflow/dags/load_and_merge_data.py for tasks to queue
[2025-01-13T10:13:39.388+0000] {logging_mixin.py:188} INFO - [2025-01-13T10:13:39.387+0000] {dagbag.py:538} INFO - Filling up the DagBag from /opt/airflow/dags/load_and_merge_data.py
[2025-01-13T10:13:39.680+0000] {processor.py:840} INFO - DAG(s) 'load_and_merge_data' retrieved from /opt/airflow/dags/load_and_merge_data.py
[2025-01-13T10:13:39.781+0000] {logging_mixin.py:188} INFO - [2025-01-13T10:13:39.780+0000] {dag.py:3036} INFO - Sync 1 DAGs
[2025-01-13T10:13:39.803+0000] {logging_mixin.py:188} INFO - [2025-01-13T10:13:39.803+0000] {dag.py:3823} INFO - Setting next_dagrun for load_and_merge_data to 2025-02-01 00:00:00+00:00, run_after=2025-03-01 00:00:00+00:00
[2025-01-13T10:13:39.830+0000] {processor.py:183} INFO - Processing /opt/airflow/dags/load_and_merge_data.py took 0.449 seconds
[2025-01-13T10:14:09.998+0000] {processor.py:161} INFO - Started process (PID=5635) to work on /opt/airflow/dags/load_and_merge_data.py
[2025-01-13T10:14:10.000+0000] {processor.py:830} INFO - Processing file /opt/airflow/dags/load_and_merge_data.py for tasks to queue
[2025-01-13T10:14:10.001+0000] {logging_mixin.py:188} INFO - [2025-01-13T10:14:10.001+0000] {dagbag.py:538} INFO - Filling up the DagBag from /opt/airflow/dags/load_and_merge_data.py
[2025-01-13T10:14:10.298+0000] {processor.py:840} INFO - DAG(s) 'load_and_merge_data' retrieved from /opt/airflow/dags/load_and_merge_data.py
[2025-01-13T10:14:10.402+0000] {logging_mixin.py:188} INFO - [2025-01-13T10:14:10.401+0000] {dag.py:3036} INFO - Sync 1 DAGs
[2025-01-13T10:14:10.425+0000] {logging_mixin.py:188} INFO - [2025-01-13T10:14:10.425+0000] {dag.py:3823} INFO - Setting next_dagrun for load_and_merge_data to 2025-02-01 00:00:00+00:00, run_after=2025-03-01 00:00:00+00:00
[2025-01-13T10:14:10.448+0000] {processor.py:183} INFO - Processing /opt/airflow/dags/load_and_merge_data.py took 0.454 seconds
[2025-01-13T10:14:40.631+0000] {processor.py:161} INFO - Started process (PID=5643) to work on /opt/airflow/dags/load_and_merge_data.py
[2025-01-13T10:14:40.632+0000] {processor.py:830} INFO - Processing file /opt/airflow/dags/load_and_merge_data.py for tasks to queue
[2025-01-13T10:14:40.633+0000] {logging_mixin.py:188} INFO - [2025-01-13T10:14:40.633+0000] {dagbag.py:538} INFO - Filling up the DagBag from /opt/airflow/dags/load_and_merge_data.py
[2025-01-13T10:14:40.933+0000] {processor.py:840} INFO - DAG(s) 'load_and_merge_data' retrieved from /opt/airflow/dags/load_and_merge_data.py
[2025-01-13T10:14:41.031+0000] {logging_mixin.py:188} INFO - [2025-01-13T10:14:41.031+0000] {dag.py:3036} INFO - Sync 1 DAGs
[2025-01-13T10:14:41.053+0000] {logging_mixin.py:188} INFO - [2025-01-13T10:14:41.053+0000] {dag.py:3823} INFO - Setting next_dagrun for load_and_merge_data to 2025-02-01 00:00:00+00:00, run_after=2025-03-01 00:00:00+00:00
[2025-01-13T10:14:41.081+0000] {processor.py:183} INFO - Processing /opt/airflow/dags/load_and_merge_data.py took 0.454 seconds
[2025-01-13T10:15:11.260+0000] {processor.py:161} INFO - Started process (PID=5651) to work on /opt/airflow/dags/load_and_merge_data.py
[2025-01-13T10:15:11.261+0000] {processor.py:830} INFO - Processing file /opt/airflow/dags/load_and_merge_data.py for tasks to queue
[2025-01-13T10:15:11.263+0000] {logging_mixin.py:188} INFO - [2025-01-13T10:15:11.263+0000] {dagbag.py:538} INFO - Filling up the DagBag from /opt/airflow/dags/load_and_merge_data.py
[2025-01-13T10:15:11.586+0000] {processor.py:840} INFO - DAG(s) 'load_and_merge_data' retrieved from /opt/airflow/dags/load_and_merge_data.py
[2025-01-13T10:15:11.706+0000] {logging_mixin.py:188} INFO - [2025-01-13T10:15:11.706+0000] {dag.py:3036} INFO - Sync 1 DAGs
[2025-01-13T10:15:11.733+0000] {logging_mixin.py:188} INFO - [2025-01-13T10:15:11.732+0000] {dag.py:3823} INFO - Setting next_dagrun for load_and_merge_data to 2025-02-01 00:00:00+00:00, run_after=2025-03-01 00:00:00+00:00
[2025-01-13T10:15:11.758+0000] {processor.py:183} INFO - Processing /opt/airflow/dags/load_and_merge_data.py took 0.502 seconds
[2025-01-13T10:15:41.944+0000] {processor.py:161} INFO - Started process (PID=5659) to work on /opt/airflow/dags/load_and_merge_data.py
[2025-01-13T10:15:41.945+0000] {processor.py:830} INFO - Processing file /opt/airflow/dags/load_and_merge_data.py for tasks to queue
[2025-01-13T10:15:41.946+0000] {logging_mixin.py:188} INFO - [2025-01-13T10:15:41.946+0000] {dagbag.py:538} INFO - Filling up the DagBag from /opt/airflow/dags/load_and_merge_data.py
[2025-01-13T10:15:42.228+0000] {processor.py:840} INFO - DAG(s) 'load_and_merge_data' retrieved from /opt/airflow/dags/load_and_merge_data.py
[2025-01-13T10:15:42.325+0000] {logging_mixin.py:188} INFO - [2025-01-13T10:15:42.324+0000] {dag.py:3036} INFO - Sync 1 DAGs
[2025-01-13T10:15:42.348+0000] {logging_mixin.py:188} INFO - [2025-01-13T10:15:42.348+0000] {dag.py:3823} INFO - Setting next_dagrun for load_and_merge_data to 2025-02-01 00:00:00+00:00, run_after=2025-03-01 00:00:00+00:00
[2025-01-13T10:15:42.369+0000] {processor.py:183} INFO - Processing /opt/airflow/dags/load_and_merge_data.py took 0.430 seconds
[2025-01-13T10:16:12.537+0000] {processor.py:161} INFO - Started process (PID=5667) to work on /opt/airflow/dags/load_and_merge_data.py
[2025-01-13T10:16:12.539+0000] {processor.py:830} INFO - Processing file /opt/airflow/dags/load_and_merge_data.py for tasks to queue
[2025-01-13T10:16:12.540+0000] {logging_mixin.py:188} INFO - [2025-01-13T10:16:12.539+0000] {dagbag.py:538} INFO - Filling up the DagBag from /opt/airflow/dags/load_and_merge_data.py
[2025-01-13T10:16:12.809+0000] {processor.py:840} INFO - DAG(s) 'load_and_merge_data' retrieved from /opt/airflow/dags/load_and_merge_data.py
[2025-01-13T10:16:12.923+0000] {logging_mixin.py:188} INFO - [2025-01-13T10:16:12.922+0000] {dag.py:3036} INFO - Sync 1 DAGs
[2025-01-13T10:16:12.944+0000] {logging_mixin.py:188} INFO - [2025-01-13T10:16:12.944+0000] {dag.py:3823} INFO - Setting next_dagrun for load_and_merge_data to 2025-02-01 00:00:00+00:00, run_after=2025-03-01 00:00:00+00:00
[2025-01-13T10:16:12.973+0000] {processor.py:183} INFO - Processing /opt/airflow/dags/load_and_merge_data.py took 0.440 seconds
[2025-01-13T10:16:43.152+0000] {processor.py:161} INFO - Started process (PID=5675) to work on /opt/airflow/dags/load_and_merge_data.py
[2025-01-13T10:16:43.153+0000] {processor.py:830} INFO - Processing file /opt/airflow/dags/load_and_merge_data.py for tasks to queue
[2025-01-13T10:16:43.155+0000] {logging_mixin.py:188} INFO - [2025-01-13T10:16:43.154+0000] {dagbag.py:538} INFO - Filling up the DagBag from /opt/airflow/dags/load_and_merge_data.py
[2025-01-13T10:16:43.448+0000] {processor.py:840} INFO - DAG(s) 'load_and_merge_data' retrieved from /opt/airflow/dags/load_and_merge_data.py
[2025-01-13T10:16:43.543+0000] {logging_mixin.py:188} INFO - [2025-01-13T10:16:43.542+0000] {dag.py:3036} INFO - Sync 1 DAGs
[2025-01-13T10:16:43.566+0000] {logging_mixin.py:188} INFO - [2025-01-13T10:16:43.566+0000] {dag.py:3823} INFO - Setting next_dagrun for load_and_merge_data to 2025-02-01 00:00:00+00:00, run_after=2025-03-01 00:00:00+00:00
[2025-01-13T10:16:43.593+0000] {processor.py:183} INFO - Processing /opt/airflow/dags/load_and_merge_data.py took 0.446 seconds
